2025-12-16 18:42:05.471 [info] [main] Log level: Info
2025-12-16 18:42:05.471 [info] [main] Validating found git in: "git"
2025-12-16 18:42:05.471 [info] [main] Using git "2.52.0" from "git"
2025-12-16 18:42:05.471 [info] [Model][doInitialScan] Initial repository scan started
2025-12-16 18:42:05.471 [info] > git rev-parse --show-toplevel [6ms]
2025-12-16 18:42:05.471 [info] fatal: not a git repository (or any parent up to mount point /)
Stopping at filesystem boundary (GIT_DISCOVERY_ACROSS_FILESYSTEM not set).
2025-12-16 18:42:05.471 [info] [Model][doInitialScan] Initial repository scan completed - repositories (0), closed repositories (0), parent repositories (0), unsafe repositories (0)
2025-12-16 18:43:22.991 [info] [main] Log level: Info
2025-12-16 18:43:22.991 [info] [main] Validating found git in: "git"
2025-12-16 18:43:22.991 [info] [main] Using git "2.52.0" from "git"
2025-12-16 18:43:22.991 [info] [Model][doInitialScan] Initial repository scan started
2025-12-16 18:43:22.991 [info] > git rev-parse --show-toplevel [10ms]
2025-12-16 18:43:22.991 [info] fatal: not a git repository (or any parent up to mount point /)
Stopping at filesystem boundary (GIT_DISCOVERY_ACROSS_FILESYSTEM not set).
2025-12-16 18:43:22.997 [info] > git rev-parse --show-toplevel [1ms]
2025-12-16 18:43:22.997 [info] fatal: not a git repository (or any parent up to mount point /)
Stopping at filesystem boundary (GIT_DISCOVERY_ACROSS_FILESYSTEM not set).
2025-12-16 18:43:23.003 [info] > git rev-parse --show-toplevel [2ms]
2025-12-16 18:43:23.003 [info] fatal: not a git repository (or any parent up to mount point /)
Stopping at filesystem boundary (GIT_DISCOVERY_ACROSS_FILESYSTEM not set).
2025-12-16 18:43:23.009 [info] > git rev-parse --show-toplevel [1ms]
2025-12-16 18:43:23.009 [info] fatal: not a git repository (or any parent up to mount point /)
Stopping at filesystem boundary (GIT_DISCOVERY_ACROSS_FILESYSTEM not set).
2025-12-16 18:43:23.014 [info] > git rev-parse --show-toplevel [1ms]
2025-12-16 18:43:23.014 [info] fatal: not a git repository (or any parent up to mount point /)
Stopping at filesystem boundary (GIT_DISCOVERY_ACROSS_FILESYSTEM not set).
2025-12-16 18:43:23.021 [info] > git rev-parse --show-toplevel [1ms]
2025-12-16 18:43:23.021 [info] fatal: not a git repository (or any parent up to mount point /)
Stopping at filesystem boundary (GIT_DISCOVERY_ACROSS_FILESYSTEM not set).
2025-12-16 18:43:23.030 [info] > git rev-parse --show-toplevel [5ms]
2025-12-16 18:43:23.030 [info] fatal: not a git repository (or any parent up to mount point /)
Stopping at filesystem boundary (GIT_DISCOVERY_ACROSS_FILESYSTEM not set).
2025-12-16 18:43:23.030 [info] [Model][doInitialScan] Initial repository scan completed - repositories (0), closed repositories (0), parent repositories (0), unsafe repositories (0)
2025-12-16 18:43:24.584 [info] > git rev-parse --show-toplevel [2ms]
2025-12-16 18:43:24.584 [info] fatal: not a git repository (or any parent up to mount point /)
Stopping at filesystem boundary (GIT_DISCOVERY_ACROSS_FILESYSTEM not set).
2025-12-16 18:44:26.323 [info] > git rev-parse --show-toplevel [2ms]
2025-12-16 18:44:26.323 [info] fatal: not a git repository (or any parent up to mount point /)
Stopping at filesystem boundary (GIT_DISCOVERY_ACROSS_FILESYSTEM not set).
2025-12-16 18:44:28.008 [info] > git rev-parse --show-toplevel [2ms]
2025-12-16 18:44:28.008 [info] fatal: not a git repository (or any parent up to mount point /)
Stopping at filesystem boundary (GIT_DISCOVERY_ACROSS_FILESYSTEM not set).
2025-12-16 18:44:29.624 [info] > git rev-parse --show-toplevel [2ms]
2025-12-16 18:44:29.624 [info] fatal: not a git repository (or any parent up to mount point /)
Stopping at filesystem boundary (GIT_DISCOVERY_ACROSS_FILESYSTEM not set).
2025-12-16 18:44:49.033 [info] [main] Log level: Info
2025-12-16 18:44:49.033 [info] [main] Validating found git in: "git"
2025-12-16 18:44:49.033 [info] [main] Using git "2.52.0" from "git"
2025-12-16 18:44:49.033 [info] [Model][doInitialScan] Initial repository scan started
2025-12-16 18:44:49.033 [info] > git rev-parse --show-toplevel [10ms]
2025-12-16 18:44:49.033 [info] fatal: not a git repository (or any parent up to mount point /)
Stopping at filesystem boundary (GIT_DISCOVERY_ACROSS_FILESYSTEM not set).
2025-12-16 18:44:49.033 [info] > git rev-parse --show-toplevel [1ms]
2025-12-16 18:44:49.033 [info] fatal: not a git repository (or any parent up to mount point /)
Stopping at filesystem boundary (GIT_DISCOVERY_ACROSS_FILESYSTEM not set).
2025-12-16 18:44:49.033 [info] > git rev-parse --show-toplevel [5ms]
2025-12-16 18:44:49.033 [info] fatal: not a git repository (or any parent up to mount point /)
Stopping at filesystem boundary (GIT_DISCOVERY_ACROSS_FILESYSTEM not set).
2025-12-16 18:44:49.033 [info] > git rev-parse --show-toplevel [2ms]
2025-12-16 18:44:49.033 [info] fatal: not a git repository (or any parent up to mount point /)
Stopping at filesystem boundary (GIT_DISCOVERY_ACROSS_FILESYSTEM not set).
2025-12-16 18:44:49.033 [info] > git rev-parse --show-toplevel [1ms]
2025-12-16 18:44:49.033 [info] fatal: not a git repository (or any parent up to mount point /)
Stopping at filesystem boundary (GIT_DISCOVERY_ACROSS_FILESYSTEM not set).
2025-12-16 18:44:49.033 [info] > git rev-parse --show-toplevel [2ms]
2025-12-16 18:44:49.033 [info] fatal: not a git repository (or any parent up to mount point /)
Stopping at filesystem boundary (GIT_DISCOVERY_ACROSS_FILESYSTEM not set).
2025-12-16 18:44:49.033 [info] > git rev-parse --show-toplevel [1ms]
2025-12-16 18:44:49.033 [info] fatal: not a git repository (or any parent up to mount point /)
Stopping at filesystem boundary (GIT_DISCOVERY_ACROSS_FILESYSTEM not set).
2025-12-16 18:44:49.033 [info] > git rev-parse --show-toplevel [1ms]
2025-12-16 18:44:49.033 [info] fatal: not a git repository (or any parent up to mount point /)
Stopping at filesystem boundary (GIT_DISCOVERY_ACROSS_FILESYSTEM not set).
2025-12-16 18:44:49.033 [info] > git rev-parse --show-toplevel [1ms]
2025-12-16 18:44:49.033 [info] fatal: not a git repository (or any parent up to mount point /)
Stopping at filesystem boundary (GIT_DISCOVERY_ACROSS_FILESYSTEM not set).
2025-12-16 18:44:49.033 [info] > git rev-parse --show-toplevel [2ms]
2025-12-16 18:44:49.033 [info] fatal: not a git repository (or any parent up to mount point /)
Stopping at filesystem boundary (GIT_DISCOVERY_ACROSS_FILESYSTEM not set).
2025-12-16 18:44:49.033 [info] > git rev-parse --show-toplevel [7ms]
2025-12-16 18:44:49.033 [info] fatal: not a git repository (or any parent up to mount point /)
Stopping at filesystem boundary (GIT_DISCOVERY_ACROSS_FILESYSTEM not set).
2025-12-16 18:44:49.059 [info] > git rev-parse --show-toplevel [22ms]
2025-12-16 18:44:49.059 [info] fatal: not a git repository (or any parent up to mount point /)
Stopping at filesystem boundary (GIT_DISCOVERY_ACROSS_FILESYSTEM not set).
2025-12-16 18:44:49.070 [info] > git rev-parse --show-toplevel [2ms]
2025-12-16 18:44:49.070 [info] fatal: not a git repository (or any parent up to mount point /)
Stopping at filesystem boundary (GIT_DISCOVERY_ACROSS_FILESYSTEM not set).
2025-12-16 18:44:49.078 [info] > git rev-parse --show-toplevel [1ms]
2025-12-16 18:44:49.078 [info] fatal: not a git repository (or any parent up to mount point /)
Stopping at filesystem boundary (GIT_DISCOVERY_ACROSS_FILESYSTEM not set).
2025-12-16 18:44:49.085 [info] > git rev-parse --show-toplevel [1ms]
2025-12-16 18:44:49.085 [info] fatal: not a git repository (or any parent up to mount point /)
Stopping at filesystem boundary (GIT_DISCOVERY_ACROSS_FILESYSTEM not set).
2025-12-16 18:44:49.091 [info] > git rev-parse --show-toplevel [1ms]
2025-12-16 18:44:49.091 [info] fatal: not a git repository (or any parent up to mount point /)
Stopping at filesystem boundary (GIT_DISCOVERY_ACROSS_FILESYSTEM not set).
2025-12-16 18:44:49.098 [info] > git rev-parse --show-toplevel [0ms]
2025-12-16 18:44:49.098 [info] fatal: not a git repository (or any parent up to mount point /)
Stopping at filesystem boundary (GIT_DISCOVERY_ACROSS_FILESYSTEM not set).
2025-12-16 18:44:49.104 [info] > git rev-parse --show-toplevel [1ms]
2025-12-16 18:44:49.104 [info] fatal: not a git repository (or any parent up to mount point /)
Stopping at filesystem boundary (GIT_DISCOVERY_ACROSS_FILESYSTEM not set).
2025-12-16 18:44:49.111 [info] > git rev-parse --show-toplevel [2ms]
2025-12-16 18:44:49.111 [info] fatal: not a git repository (or any parent up to mount point /)
Stopping at filesystem boundary (GIT_DISCOVERY_ACROSS_FILESYSTEM not set).
2025-12-16 18:44:49.119 [info] > git rev-parse --show-toplevel [2ms]
2025-12-16 18:44:49.119 [info] fatal: not a git repository (or any parent up to mount point /)
Stopping at filesystem boundary (GIT_DISCOVERY_ACROSS_FILESYSTEM not set).
2025-12-16 18:44:49.125 [info] > git rev-parse --show-toplevel [1ms]
2025-12-16 18:44:49.125 [info] fatal: not a git repository (or any parent up to mount point /)
Stopping at filesystem boundary (GIT_DISCOVERY_ACROSS_FILESYSTEM not set).
2025-12-16 18:44:49.131 [info] > git rev-parse --show-toplevel [1ms]
2025-12-16 18:44:49.131 [info] fatal: not a git repository (or any parent up to mount point /)
Stopping at filesystem boundary (GIT_DISCOVERY_ACROSS_FILESYSTEM not set).
2025-12-16 18:44:49.132 [info] [Model][doInitialScan] Initial repository scan completed - repositories (0), closed repositories (0), parent repositories (0), unsafe repositories (0)
2025-12-16 18:44:49.173 [info] > git rev-parse --show-toplevel [2ms]
2025-12-16 18:44:49.173 [info] fatal: not a git repository (or any parent up to mount point /)
Stopping at filesystem boundary (GIT_DISCOVERY_ACROSS_FILESYSTEM not set).
2025-12-16 18:44:50.633 [info] > git rev-parse --show-toplevel [1ms]
2025-12-16 18:44:50.633 [info] fatal: not a git repository (or any parent up to mount point /)
Stopping at filesystem boundary (GIT_DISCOVERY_ACROSS_FILESYSTEM not set).
2025-12-16 18:44:51.021 [info] > git rev-parse --show-toplevel [2ms]
2025-12-16 18:44:51.021 [info] fatal: not a git repository (or any parent up to mount point /)
Stopping at filesystem boundary (GIT_DISCOVERY_ACROSS_FILESYSTEM not set).
2025-12-16 18:44:59.240 [info] > git rev-parse --show-toplevel [1ms]
2025-12-16 18:44:59.240 [info] fatal: not a git repository (or any parent up to mount point /)
Stopping at filesystem boundary (GIT_DISCOVERY_ACROSS_FILESYSTEM not set).
2025-12-16 18:46:35.042 [info] > git rev-parse --show-toplevel [3ms]
2025-12-16 18:46:35.042 [info] fatal: not a git repository (or any parent up to mount point /)
Stopping at filesystem boundary (GIT_DISCOVERY_ACROSS_FILESYSTEM not set).
2025-12-16 18:46:46.030 [info] > git rev-parse --show-toplevel [2ms]
2025-12-16 18:46:46.030 [info] fatal: not a git repository (or any parent up to mount point /)
Stopping at filesystem boundary (GIT_DISCOVERY_ACROSS_FILESYSTEM not set).
