2025-12-17 16:27:39.537 [info] [main] Log level: Info
2025-12-17 16:27:39.537 [info] [main] Validating found git in: "git"
2025-12-17 16:27:39.537 [info] [main] Using git "2.52.0" from "git"
2025-12-17 16:27:39.537 [info] [Model][doInitialScan] Initial repository scan started
2025-12-17 16:27:39.537 [info] > git rev-parse --show-toplevel [7ms]
2025-12-17 16:27:39.537 [info] fatal: not a git repository (or any parent up to mount point /)
Stopping at filesystem boundary (GIT_DISCOVERY_ACROSS_FILESYSTEM not set).
2025-12-17 16:27:39.537 [info] > git rev-parse --show-toplevel [2ms]
2025-12-17 16:27:39.537 [info] fatal: not a git repository (or any parent up to mount point /)
Stopping at filesystem boundary (GIT_DISCOVERY_ACROSS_FILESYSTEM not set).
2025-12-17 16:27:39.537 [info] > git rev-parse --show-toplevel [2ms]
2025-12-17 16:27:39.537 [info] fatal: not a git repository (or any parent up to mount point /)
Stopping at filesystem boundary (GIT_DISCOVERY_ACROSS_FILESYSTEM not set).
2025-12-17 16:27:39.537 [info] > git rev-parse --show-toplevel [4ms]
2025-12-17 16:27:39.537 [info] fatal: not a git repository (or any parent up to mount point /)
Stopping at filesystem boundary (GIT_DISCOVERY_ACROSS_FILESYSTEM not set).
2025-12-17 16:27:39.537 [info] > git rev-parse --show-toplevel [1ms]
2025-12-17 16:27:39.537 [info] fatal: not a git repository (or any parent up to mount point /)
Stopping at filesystem boundary (GIT_DISCOVERY_ACROSS_FILESYSTEM not set).
2025-12-17 16:27:39.537 [info] > git rev-parse --show-toplevel [2ms]
2025-12-17 16:27:39.537 [info] fatal: not a git repository (or any parent up to mount point /)
Stopping at filesystem boundary (GIT_DISCOVERY_ACROSS_FILESYSTEM not set).
2025-12-17 16:27:39.537 [info] > git rev-parse --show-toplevel [1ms]
2025-12-17 16:27:39.537 [info] fatal: not a git repository (or any parent up to mount point /)
Stopping at filesystem boundary (GIT_DISCOVERY_ACROSS_FILESYSTEM not set).
2025-12-17 16:27:39.538 [info] > git rev-parse --show-toplevel [5ms]
2025-12-17 16:27:39.538 [info] fatal: not a git repository (or any parent up to mount point /)
Stopping at filesystem boundary (GIT_DISCOVERY_ACROSS_FILESYSTEM not set).
2025-12-17 16:27:39.538 [info] > git rev-parse --show-toplevel [1ms]
2025-12-17 16:27:39.538 [info] fatal: not a git repository (or any parent up to mount point /)
Stopping at filesystem boundary (GIT_DISCOVERY_ACROSS_FILESYSTEM not set).
2025-12-17 16:27:39.538 [info] > git rev-parse --show-toplevel [1ms]
2025-12-17 16:27:39.538 [info] fatal: not a git repository (or any parent up to mount point /)
Stopping at filesystem boundary (GIT_DISCOVERY_ACROSS_FILESYSTEM not set).
2025-12-17 16:27:39.538 [info] > git rev-parse --show-toplevel [2ms]
2025-12-17 16:27:39.538 [info] fatal: not a git repository (or any parent up to mount point /)
Stopping at filesystem boundary (GIT_DISCOVERY_ACROSS_FILESYSTEM not set).
2025-12-17 16:27:39.549 [info] > git rev-parse --show-toplevel [7ms]
2025-12-17 16:27:39.549 [info] fatal: not a git repository (or any parent up to mount point /)
Stopping at filesystem boundary (GIT_DISCOVERY_ACROSS_FILESYSTEM not set).
2025-12-17 16:27:39.555 [info] > git rev-parse --show-toplevel [1ms]
2025-12-17 16:27:39.555 [info] fatal: not a git repository (or any parent up to mount point /)
Stopping at filesystem boundary (GIT_DISCOVERY_ACROSS_FILESYSTEM not set).
2025-12-17 16:27:39.560 [info] > git rev-parse --show-toplevel [1ms]
2025-12-17 16:27:39.560 [info] fatal: not a git repository (or any parent up to mount point /)
Stopping at filesystem boundary (GIT_DISCOVERY_ACROSS_FILESYSTEM not set).
2025-12-17 16:27:39.587 [info] > git rev-parse --show-toplevel [22ms]
2025-12-17 16:27:39.587 [info] fatal: not a git repository (or any parent up to mount point /)
Stopping at filesystem boundary (GIT_DISCOVERY_ACROSS_FILESYSTEM not set).
2025-12-17 16:27:39.598 [info] > git rev-parse --show-toplevel [1ms]
2025-12-17 16:27:39.598 [info] fatal: not a git repository (or any parent up to mount point /)
Stopping at filesystem boundary (GIT_DISCOVERY_ACROSS_FILESYSTEM not set).
2025-12-17 16:27:39.603 [info] > git rev-parse --show-toplevel [1ms]
2025-12-17 16:27:39.603 [info] fatal: not a git repository (or any parent up to mount point /)
Stopping at filesystem boundary (GIT_DISCOVERY_ACROSS_FILESYSTEM not set).
2025-12-17 16:27:39.609 [info] > git rev-parse --show-toplevel [1ms]
2025-12-17 16:27:39.609 [info] fatal: not a git repository (or any parent up to mount point /)
Stopping at filesystem boundary (GIT_DISCOVERY_ACROSS_FILESYSTEM not set).
2025-12-17 16:27:39.614 [info] > git rev-parse --show-toplevel [0ms]
2025-12-17 16:27:39.614 [info] fatal: not a git repository (or any parent up to mount point /)
Stopping at filesystem boundary (GIT_DISCOVERY_ACROSS_FILESYSTEM not set).
2025-12-17 16:27:39.619 [info] > git rev-parse --show-toplevel [1ms]
2025-12-17 16:27:39.619 [info] fatal: not a git repository (or any parent up to mount point /)
Stopping at filesystem boundary (GIT_DISCOVERY_ACROSS_FILESYSTEM not set).
2025-12-17 16:27:39.626 [info] > git rev-parse --show-toplevel [2ms]
2025-12-17 16:27:39.626 [info] fatal: not a git repository (or any parent up to mount point /)
Stopping at filesystem boundary (GIT_DISCOVERY_ACROSS_FILESYSTEM not set).
2025-12-17 16:27:39.631 [info] > git rev-parse --show-toplevel [1ms]
2025-12-17 16:27:39.631 [info] fatal: not a git repository (or any parent up to mount point /)
Stopping at filesystem boundary (GIT_DISCOVERY_ACROSS_FILESYSTEM not set).
2025-12-17 16:27:39.637 [info] > git rev-parse --show-toplevel [1ms]
2025-12-17 16:27:39.637 [info] fatal: not a git repository (or any parent up to mount point /)
Stopping at filesystem boundary (GIT_DISCOVERY_ACROSS_FILESYSTEM not set).
2025-12-17 16:27:39.638 [info] [Model][doInitialScan] Initial repository scan completed - repositories (0), closed repositories (0), parent repositories (0), unsafe repositories (0)
2025-12-17 16:27:39.750 [info] > git rev-parse --show-toplevel [2ms]
2025-12-17 16:27:39.750 [info] fatal: not a git repository (or any parent up to mount point /)
Stopping at filesystem boundary (GIT_DISCOVERY_ACROSS_FILESYSTEM not set).
2025-12-17 16:27:40.448 [info] > git rev-parse --show-toplevel [3ms]
2025-12-17 16:27:40.448 [info] fatal: not a git repository (or any parent up to mount point /)
Stopping at filesystem boundary (GIT_DISCOVERY_ACROSS_FILESYSTEM not set).
2025-12-17 16:27:43.132 [info] > git rev-parse --show-toplevel [1ms]
2025-12-17 16:27:43.132 [info] fatal: not a git repository (or any parent up to mount point /)
Stopping at filesystem boundary (GIT_DISCOVERY_ACROSS_FILESYSTEM not set).
2025-12-17 16:27:43.236 [info] > git rev-parse --show-toplevel [3ms]
2025-12-17 16:27:43.236 [info] fatal: not a git repository (or any parent up to mount point /)
Stopping at filesystem boundary (GIT_DISCOVERY_ACROSS_FILESYSTEM not set).
2025-12-17 16:27:43.248 [info] > git rev-parse --show-toplevel [3ms]
2025-12-17 16:27:43.248 [info] fatal: not a git repository (or any parent up to mount point /)
Stopping at filesystem boundary (GIT_DISCOVERY_ACROSS_FILESYSTEM not set).
2025-12-17 16:27:48.067 [info] > git rev-parse --show-toplevel [3ms]
2025-12-17 16:27:48.067 [info] fatal: not a git repository (or any parent up to mount point /)
Stopping at filesystem boundary (GIT_DISCOVERY_ACROSS_FILESYSTEM not set).
2025-12-17 16:27:48.116 [info] > git rev-parse --show-toplevel [2ms]
2025-12-17 16:27:48.116 [info] fatal: not a git repository (or any parent up to mount point /)
Stopping at filesystem boundary (GIT_DISCOVERY_ACROSS_FILESYSTEM not set).
2025-12-17 16:27:48.126 [info] > git rev-parse --show-toplevel [2ms]
2025-12-17 16:27:48.126 [info] fatal: not a git repository (or any parent up to mount point /)
Stopping at filesystem boundary (GIT_DISCOVERY_ACROSS_FILESYSTEM not set).
2025-12-17 16:27:48.433 [info] > git rev-parse --show-toplevel [2ms]
2025-12-17 16:27:48.433 [info] fatal: not a git repository (or any parent up to mount point /)
Stopping at filesystem boundary (GIT_DISCOVERY_ACROSS_FILESYSTEM not set).
2025-12-17 16:28:34.014 [info] > git rev-parse --show-toplevel [2ms]
2025-12-17 16:28:34.015 [info] fatal: not a git repository (or any parent up to mount point /)
Stopping at filesystem boundary (GIT_DISCOVERY_ACROSS_FILESYSTEM not set).
2025-12-17 16:28:40.040 [info] > git rev-parse --show-toplevel [2ms]
2025-12-17 16:28:40.040 [info] fatal: not a git repository (or any parent up to mount point /)
Stopping at filesystem boundary (GIT_DISCOVERY_ACROSS_FILESYSTEM not set).
2025-12-17 16:28:44.841 [info] > git rev-parse --show-toplevel [2ms]
2025-12-17 16:28:44.842 [info] fatal: not a git repository (or any parent up to mount point /)
Stopping at filesystem boundary (GIT_DISCOVERY_ACROSS_FILESYSTEM not set).
2025-12-17 16:29:12.796 [info] > git rev-parse --show-toplevel [3ms]
2025-12-17 16:29:12.796 [info] fatal: not a git repository (or any parent up to mount point /)
Stopping at filesystem boundary (GIT_DISCOVERY_ACROSS_FILESYSTEM not set).
2025-12-17 16:29:31.624 [info] > git rev-parse --show-toplevel [4ms]
2025-12-17 16:29:31.624 [info] fatal: not a git repository (or any parent up to mount point /)
Stopping at filesystem boundary (GIT_DISCOVERY_ACROSS_FILESYSTEM not set).
2025-12-17 16:29:32.448 [info] > git rev-parse --show-toplevel [2ms]
2025-12-17 16:29:32.448 [info] fatal: not a git repository (or any parent up to mount point /)
Stopping at filesystem boundary (GIT_DISCOVERY_ACROSS_FILESYSTEM not set).
2025-12-17 16:29:44.320 [info] > git rev-parse --show-toplevel [3ms]
2025-12-17 16:29:44.320 [info] fatal: not a git repository (or any parent up to mount point /)
Stopping at filesystem boundary (GIT_DISCOVERY_ACROSS_FILESYSTEM not set).
2025-12-17 16:29:45.890 [info] > git rev-parse --show-toplevel [3ms]
2025-12-17 16:29:45.890 [info] fatal: not a git repository (or any parent up to mount point /)
Stopping at filesystem boundary (GIT_DISCOVERY_ACROSS_FILESYSTEM not set).
2025-12-17 16:30:07.876 [info] > git rev-parse --show-toplevel [3ms]
2025-12-17 16:30:07.876 [info] fatal: not a git repository (or any parent up to mount point /)
Stopping at filesystem boundary (GIT_DISCOVERY_ACROSS_FILESYSTEM not set).
2025-12-17 16:30:10.389 [info] > git rev-parse --show-toplevel [2ms]
2025-12-17 16:30:10.389 [info] fatal: not a git repository (or any parent up to mount point /)
Stopping at filesystem boundary (GIT_DISCOVERY_ACROSS_FILESYSTEM not set).
2025-12-17 16:30:14.521 [info] > git rev-parse --show-toplevel [2ms]
2025-12-17 16:30:14.521 [info] fatal: not a git repository (or any parent up to mount point /)
Stopping at filesystem boundary (GIT_DISCOVERY_ACROSS_FILESYSTEM not set).
2025-12-17 16:30:15.354 [info] > git rev-parse --show-toplevel [2ms]
2025-12-17 16:30:15.354 [info] fatal: not a git repository (or any parent up to mount point /)
Stopping at filesystem boundary (GIT_DISCOVERY_ACROSS_FILESYSTEM not set).
2025-12-17 16:30:44.472 [info] > git rev-parse --show-toplevel [3ms]
2025-12-17 16:30:44.472 [info] fatal: not a git repository (or any parent up to mount point /)
Stopping at filesystem boundary (GIT_DISCOVERY_ACROSS_FILESYSTEM not set).
2025-12-17 16:32:43.625 [info] > git rev-parse --show-toplevel [7ms]
2025-12-17 16:32:43.625 [info] fatal: not a git repository (or any parent up to mount point /)
Stopping at filesystem boundary (GIT_DISCOVERY_ACROSS_FILESYSTEM not set).
2025-12-17 16:32:50.741 [info] > git rev-parse --show-toplevel [3ms]
2025-12-17 16:32:50.741 [info] fatal: not a git repository (or any parent up to mount point /)
Stopping at filesystem boundary (GIT_DISCOVERY_ACROSS_FILESYSTEM not set).
2025-12-17 16:36:13.450 [info] > git rev-parse --show-toplevel [7ms]
2025-12-17 16:36:13.450 [info] fatal: not a git repository (or any parent up to mount point /)
Stopping at filesystem boundary (GIT_DISCOVERY_ACROSS_FILESYSTEM not set).
2025-12-17 16:36:13.682 [info] > git rev-parse --show-toplevel [29ms]
2025-12-17 16:36:13.682 [info] fatal: not a git repository (or any parent up to mount point /)
Stopping at filesystem boundary (GIT_DISCOVERY_ACROSS_FILESYSTEM not set).
2025-12-17 16:36:26.579 [info] > git rev-parse --show-toplevel [3ms]
2025-12-17 16:36:26.580 [info] fatal: not a git repository (or any parent up to mount point /)
Stopping at filesystem boundary (GIT_DISCOVERY_ACROSS_FILESYSTEM not set).
2025-12-17 16:36:30.333 [info] > git rev-parse --show-toplevel [3ms]
2025-12-17 16:36:30.333 [info] fatal: not a git repository (or any parent up to mount point /)
Stopping at filesystem boundary (GIT_DISCOVERY_ACROSS_FILESYSTEM not set).
2025-12-17 16:36:33.853 [info] > git rev-parse --show-toplevel [2ms]
2025-12-17 16:36:33.853 [info] fatal: not a git repository (or any parent up to mount point /)
Stopping at filesystem boundary (GIT_DISCOVERY_ACROSS_FILESYSTEM not set).
2025-12-17 16:36:42.549 [info] > git rev-parse --show-toplevel [4ms]
2025-12-17 16:36:42.549 [info] fatal: not a git repository (or any parent up to mount point /)
Stopping at filesystem boundary (GIT_DISCOVERY_ACROSS_FILESYSTEM not set).
2025-12-17 16:36:44.617 [info] > git rev-parse --show-toplevel [3ms]
2025-12-17 16:36:44.617 [info] fatal: not a git repository (or any parent up to mount point /)
Stopping at filesystem boundary (GIT_DISCOVERY_ACROSS_FILESYSTEM not set).
2025-12-17 16:44:19.274 [info] > git rev-parse --show-toplevel [2ms]
2025-12-17 16:44:19.274 [info] fatal: not a git repository (or any parent up to mount point /)
Stopping at filesystem boundary (GIT_DISCOVERY_ACROSS_FILESYSTEM not set).
2025-12-17 16:44:33.806 [info] > git rev-parse --show-toplevel [3ms]
2025-12-17 16:44:33.806 [info] fatal: not a git repository (or any parent up to mount point /)
Stopping at filesystem boundary (GIT_DISCOVERY_ACROSS_FILESYSTEM not set).
2025-12-17 16:45:06.141 [info] > git rev-parse --show-toplevel [3ms]
2025-12-17 16:45:06.141 [info] fatal: not a git repository (or any parent up to mount point /)
Stopping at filesystem boundary (GIT_DISCOVERY_ACROSS_FILESYSTEM not set).
2025-12-17 16:46:35.785 [info] > git rev-parse --show-toplevel [4ms]
2025-12-17 16:46:35.785 [info] fatal: not a git repository (or any parent up to mount point /)
Stopping at filesystem boundary (GIT_DISCOVERY_ACROSS_FILESYSTEM not set).
2025-12-17 16:46:37.684 [info] > git rev-parse --show-toplevel [3ms]
2025-12-17 16:46:37.684 [info] fatal: not a git repository (or any parent up to mount point /)
Stopping at filesystem boundary (GIT_DISCOVERY_ACROSS_FILESYSTEM not set).
2025-12-17 16:46:59.527 [info] > git rev-parse --show-toplevel [2ms]
2025-12-17 16:46:59.527 [info] fatal: not a git repository (or any parent up to mount point /)
Stopping at filesystem boundary (GIT_DISCOVERY_ACROSS_FILESYSTEM not set).
2025-12-17 16:47:05.109 [info] > git rev-parse --show-toplevel [3ms]
2025-12-17 16:47:05.109 [info] fatal: not a git repository (or any parent up to mount point /)
Stopping at filesystem boundary (GIT_DISCOVERY_ACROSS_FILESYSTEM not set).
2025-12-17 16:47:08.801 [info] > git rev-parse --show-toplevel [4ms]
2025-12-17 16:47:08.801 [info] fatal: not a git repository (or any parent up to mount point /)
Stopping at filesystem boundary (GIT_DISCOVERY_ACROSS_FILESYSTEM not set).
2025-12-17 16:47:16.422 [info] > git rev-parse --show-toplevel [2ms]
2025-12-17 16:47:16.422 [info] fatal: not a git repository (or any parent up to mount point /)
Stopping at filesystem boundary (GIT_DISCOVERY_ACROSS_FILESYSTEM not set).
2025-12-17 16:47:25.320 [info] > git rev-parse --show-toplevel [9ms]
2025-12-17 16:47:25.320 [info] fatal: not a git repository (or any parent up to mount point /)
Stopping at filesystem boundary (GIT_DISCOVERY_ACROSS_FILESYSTEM not set).
2025-12-17 16:47:27.029 [info] > git rev-parse --show-toplevel [2ms]
2025-12-17 16:47:27.030 [info] fatal: not a git repository (or any parent up to mount point /)
Stopping at filesystem boundary (GIT_DISCOVERY_ACROSS_FILESYSTEM not set).
2025-12-17 16:47:33.061 [info] > git rev-parse --show-toplevel [4ms]
2025-12-17 16:47:33.061 [info] fatal: not a git repository (or any parent up to mount point /)
Stopping at filesystem boundary (GIT_DISCOVERY_ACROSS_FILESYSTEM not set).
2025-12-17 16:50:26.855 [info] > git rev-parse --show-toplevel [2ms]
2025-12-17 16:50:26.856 [info] fatal: not a git repository (or any parent up to mount point /)
Stopping at filesystem boundary (GIT_DISCOVERY_ACROSS_FILESYSTEM not set).
2025-12-17 16:50:28.126 [info] > git rev-parse --show-toplevel [3ms]
2025-12-17 16:50:28.126 [info] fatal: not a git repository (or any parent up to mount point /)
Stopping at filesystem boundary (GIT_DISCOVERY_ACROSS_FILESYSTEM not set).
2025-12-17 16:50:29.095 [info] > git rev-parse --show-toplevel [3ms]
2025-12-17 16:50:29.095 [info] fatal: not a git repository (or any parent up to mount point /)
Stopping at filesystem boundary (GIT_DISCOVERY_ACROSS_FILESYSTEM not set).
2025-12-17 16:50:37.276 [info] > git rev-parse --show-toplevel [3ms]
2025-12-17 16:50:37.276 [info] fatal: not a git repository (or any parent up to mount point /)
Stopping at filesystem boundary (GIT_DISCOVERY_ACROSS_FILESYSTEM not set).
2025-12-17 16:50:39.240 [info] > git rev-parse --show-toplevel [3ms]
2025-12-17 16:50:39.240 [info] fatal: not a git repository (or any parent up to mount point /)
Stopping at filesystem boundary (GIT_DISCOVERY_ACROSS_FILESYSTEM not set).
2025-12-17 16:50:45.296 [info] > git rev-parse --show-toplevel [6ms]
2025-12-17 16:50:45.296 [info] fatal: not a git repository (or any parent up to mount point /)
Stopping at filesystem boundary (GIT_DISCOVERY_ACROSS_FILESYSTEM not set).
2025-12-17 16:50:56.676 [info] > git rev-parse --show-toplevel [2ms]
2025-12-17 16:50:56.677 [info] fatal: not a git repository (or any parent up to mount point /)
Stopping at filesystem boundary (GIT_DISCOVERY_ACROSS_FILESYSTEM not set).
2025-12-17 16:50:59.603 [info] > git rev-parse --show-toplevel [3ms]
2025-12-17 16:50:59.603 [info] fatal: not a git repository (or any parent up to mount point /)
Stopping at filesystem boundary (GIT_DISCOVERY_ACROSS_FILESYSTEM not set).
2025-12-17 16:51:03.351 [info] > git rev-parse --show-toplevel [3ms]
2025-12-17 16:51:03.352 [info] fatal: not a git repository (or any parent up to mount point /)
Stopping at filesystem boundary (GIT_DISCOVERY_ACROSS_FILESYSTEM not set).
2025-12-17 16:51:04.146 [info] > git rev-parse --show-toplevel [2ms]
2025-12-17 16:51:04.146 [info] fatal: not a git repository (or any parent up to mount point /)
Stopping at filesystem boundary (GIT_DISCOVERY_ACROSS_FILESYSTEM not set).
2025-12-17 16:54:09.881 [info] > git rev-parse --show-toplevel [3ms]
2025-12-17 16:54:09.881 [info] fatal: not a git repository (or any parent up to mount point /)
Stopping at filesystem boundary (GIT_DISCOVERY_ACROSS_FILESYSTEM not set).
2025-12-17 16:54:10.668 [info] > git rev-parse --show-toplevel [3ms]
2025-12-17 16:54:10.668 [info] fatal: not a git repository (or any parent up to mount point /)
Stopping at filesystem boundary (GIT_DISCOVERY_ACROSS_FILESYSTEM not set).
2025-12-17 16:54:13.010 [info] > git rev-parse --show-toplevel [3ms]
2025-12-17 16:54:13.010 [info] fatal: not a git repository (or any parent up to mount point /)
Stopping at filesystem boundary (GIT_DISCOVERY_ACROSS_FILESYSTEM not set).
2025-12-17 16:55:51.578 [info] > git rev-parse --show-toplevel [3ms]
2025-12-17 16:55:51.578 [info] fatal: not a git repository (or any parent up to mount point /)
Stopping at filesystem boundary (GIT_DISCOVERY_ACROSS_FILESYSTEM not set).
2025-12-17 16:55:56.362 [info] > git rev-parse --show-toplevel [4ms]
2025-12-17 16:55:56.362 [info] fatal: not a git repository (or any parent up to mount point /)
Stopping at filesystem boundary (GIT_DISCOVERY_ACROSS_FILESYSTEM not set).
2025-12-17 16:55:57.593 [info] > git rev-parse --show-toplevel [4ms]
2025-12-17 16:55:57.594 [info] fatal: not a git repository (or any parent up to mount point /)
Stopping at filesystem boundary (GIT_DISCOVERY_ACROSS_FILESYSTEM not set).
2025-12-17 16:56:10.388 [info] > git rev-parse --show-toplevel [2ms]
2025-12-17 16:56:10.388 [info] fatal: not a git repository (or any parent up to mount point /)
Stopping at filesystem boundary (GIT_DISCOVERY_ACROSS_FILESYSTEM not set).
2025-12-17 16:56:23.552 [info] > git rev-parse --show-toplevel [7ms]
2025-12-17 16:56:23.553 [info] fatal: not a git repository (or any parent up to mount point /)
Stopping at filesystem boundary (GIT_DISCOVERY_ACROSS_FILESYSTEM not set).
2025-12-17 16:56:44.432 [info] > git rev-parse --show-toplevel [6ms]
2025-12-17 16:56:44.432 [info] fatal: not a git repository (or any parent up to mount point /)
Stopping at filesystem boundary (GIT_DISCOVERY_ACROSS_FILESYSTEM not set).
2025-12-17 16:56:55.007 [info] > git rev-parse --show-toplevel [2ms]
2025-12-17 16:56:55.007 [info] fatal: not a git repository (or any parent up to mount point /)
Stopping at filesystem boundary (GIT_DISCOVERY_ACROSS_FILESYSTEM not set).
