2025-12-17 19:34:06.097 [info] Reading sessions from keychain...
2025-12-17 19:34:06.097 [info] Getting sessions for all scopes...
2025-12-17 19:34:06.097 [info] Got 0 sessions for ...
2025-12-17 19:34:06.097 [info] Getting sessions for all scopes...
2025-12-17 19:34:06.097 [info] Got 0 sessions for ...
2025-12-17 19:34:06.097 [info] Getting sessions for all scopes...
2025-12-17 19:34:06.097 [info] Got 0 sessions for ...
2025-12-17 19:34:06.097 [info] Getting sessions for all scopes...
2025-12-17 19:34:06.097 [info] Got 0 sessions for ...
2025-12-17 19:34:06.097 [info] Getting sessions for all scopes...
2025-12-17 19:34:06.097 [info] Got 0 sessions for ...
2025-12-17 19:34:06.097 [info] Getting sessions for all scopes...
2025-12-17 19:34:06.097 [info] Got 0 sessions for ...
2025-12-17 19:34:06.097 [info] Getting sessions for all scopes...
2025-12-17 19:34:06.097 [info] Got 0 sessions for ...
2025-12-17 19:34:06.113 [info] Getting sessions for all scopes...
2025-12-17 19:34:06.114 [info] Got 0 sessions for ...
2025-12-17 19:34:06.114 [info] Getting sessions for all scopes...
2025-12-17 19:34:06.114 [info] Got 0 sessions for ...
2025-12-17 19:34:06.114 [info] Getting sessions for all scopes...
2025-12-17 19:34:06.114 [info] Got 0 sessions for ...
2025-12-17 19:34:06.115 [info] Getting sessions for all scopes...
2025-12-17 19:34:06.115 [info] Got 0 sessions for ...
2025-12-17 19:34:06.115 [info] Getting sessions for all scopes...
2025-12-17 19:34:06.115 [info] Got 0 sessions for ...
2025-12-17 19:34:06.115 [info] Getting sessions for all scopes...
2025-12-17 19:34:06.115 [info] Got 0 sessions for ...
2025-12-17 19:34:06.326 [info] Getting sessions for all scopes...
2025-12-17 19:34:06.326 [info] Got 0 sessions for ...
2025-12-17 19:34:07.007 [info] Getting sessions for read:user,repo,user:email,workflow...
2025-12-17 19:34:07.007 [info] Got 0 sessions for read:user,repo,user:email,workflow...
2025-12-17 19:34:07.369 [info] Getting sessions for all scopes...
2025-12-17 19:34:07.369 [info] Got 0 sessions for ...
