2025-12-18 12:48:33.645 [info] Extension host with pid 7516 started
2025-12-18 12:48:33.645 [info] Skipping acquiring lock for /home/emilio/.config/Code - OSS/User/workspaceStorage/3a12dbb139287550db62b4c0376ecb88.
2025-12-18 12:48:33.646 [info] ExtensionService#_doActivateExtension vscode.github-authentication, startup: false, activationEvent: 'onAuthenticationRequest:github'
2025-12-18 12:48:33.679 [info] ExtensionService#_doActivateExtension vscode.emmet, startup: false, activationEvent: 'onLanguage'
2025-12-18 12:48:33.739 [info] ExtensionService#_doActivateExtension vscode.git-base, startup: true, activationEvent: '*', root cause: vscode.git
2025-12-18 12:48:33.756 [info] ExtensionService#_doActivateExtension vscode.git, startup: true, activationEvent: '*'
2025-12-18 12:48:33.821 [info] ExtensionService#_doActivateExtension vscode.github, startup: true, activationEvent: '*'
2025-12-18 12:48:33.983 [info] Eager extensions activated
2025-12-18 12:48:33.996 [info] ExtensionService#_doActivateExtension vscode.debug-auto-launch, startup: false, activationEvent: 'onStartupFinished'
2025-12-18 12:48:33.999 [info] ExtensionService#_doActivateExtension vscode.merge-conflict, startup: false, activationEvent: 'onStartupFinished'
2025-12-18 12:48:34.019 [info] ExtensionService#_doActivateExtension t3dotgg.vsc-material-theme-but-i-wont-sue-you, startup: false, activationEvent: 'onStartupFinished'
2025-12-18 12:48:34.248 [warning] [Decorations] CAPPING events from decorations provider vscode.git 309
2025-12-18 12:48:34.610 [warning] [Decorations] CAPPING events from decorations provider vscode.git 309
2025-12-18 12:48:38.050 [warning] [Decorations] CAPPING events from decorations provider vscode.git 310
2025-12-18 12:48:43.328 [warning] [Decorations] CAPPING events from decorations provider vscode.git 310
2025-12-18 12:48:48.593 [warning] [Decorations] CAPPING events from decorations provider vscode.git 426
2025-12-18 12:48:53.715 [info] ExtensionService#_doActivateExtension vscode.configuration-editing, startup: false, activationEvent: 'onLanguage:jsonc'
2025-12-18 12:48:53.737 [info] ExtensionService#_doActivateExtension vscode.json-language-features, startup: false, activationEvent: 'onLanguage:jsonc'
2025-12-18 12:48:53.797 [info] ExtensionService#_doActivateExtension vscode.typescript-language-features, startup: false, activationEvent: 'onLanguage:jsonc'
2025-12-18 12:48:53.867 [warning] [Decorations] CAPPING events from decorations provider vscode.git 426
2025-12-18 12:48:59.151 [warning] [Decorations] CAPPING events from decorations provider vscode.git 427
2025-12-18 12:49:04.428 [warning] [Decorations] CAPPING events from decorations provider vscode.git 427
2025-12-18 12:49:05.060 [info] ExtensionService#_doActivateExtension vscode.css-language-features, startup: false, activationEvent: 'onLanguage:css'
2025-12-18 12:49:09.708 [warning] [Decorations] CAPPING events from decorations provider vscode.git 426
2025-12-18 12:49:14.979 [warning] [Decorations] CAPPING events from decorations provider vscode.git 426
2025-12-18 12:49:20.239 [warning] [Decorations] CAPPING events from decorations provider vscode.git 426
2025-12-18 12:49:25.509 [warning] [Decorations] CAPPING events from decorations provider vscode.git 426
2025-12-18 12:49:30.782 [warning] [Decorations] CAPPING events from decorations provider vscode.git 426
2025-12-18 12:49:36.038 [warning] [Decorations] CAPPING events from decorations provider vscode.git 426
2025-12-18 12:49:41.318 [warning] [Decorations] CAPPING events from decorations provider vscode.git 426
2025-12-18 12:49:46.597 [warning] [Decorations] CAPPING events from decorations provider vscode.git 426
2025-12-18 12:49:51.868 [warning] [Decorations] CAPPING events from decorations provider vscode.git 426
2025-12-18 12:49:57.133 [warning] [Decorations] CAPPING events from decorations provider vscode.git 426
2025-12-18 12:50:02.413 [warning] [Decorations] CAPPING events from decorations provider vscode.git 426
2025-12-18 12:50:07.694 [warning] [Decorations] CAPPING events from decorations provider vscode.git 426
2025-12-18 12:50:12.977 [warning] [Decorations] CAPPING events from decorations provider vscode.git 426
2025-12-18 12:50:18.254 [warning] [Decorations] CAPPING events from decorations provider vscode.git 426
2025-12-18 12:50:23.533 [warning] [Decorations] CAPPING events from decorations provider vscode.git 426
2025-12-18 12:50:28.783 [warning] [Decorations] CAPPING events from decorations provider vscode.git 426
2025-12-18 13:08:08.819 [warning] [Decorations] CAPPING events from decorations provider vscode.git 426
2025-12-18 13:13:15.817 [warning] [Decorations] CAPPING events from decorations provider vscode.git 528
2025-12-18 13:13:21.081 [warning] [Decorations] CAPPING events from decorations provider vscode.git 528
2025-12-18 13:13:26.371 [warning] [Decorations] CAPPING events from decorations provider vscode.git 528
2025-12-18 13:13:34.287 [warning] [Decorations] CAPPING events from decorations provider vscode.git 528
2025-12-18 13:13:39.556 [warning] [Decorations] CAPPING events from decorations provider vscode.git 528
2025-12-18 13:13:44.824 [warning] [Decorations] CAPPING events from decorations provider vscode.git 528
2025-12-18 13:14:22.753 [warning] [Decorations] CAPPING events from decorations provider vscode.git 528
2025-12-18 13:14:28.034 [warning] [Decorations] CAPPING events from decorations provider vscode.git 528
2025-12-18 13:14:33.314 [warning] [Decorations] CAPPING events from decorations provider vscode.git 528
2025-12-18 13:14:38.572 [warning] [Decorations] CAPPING events from decorations provider vscode.git 528
2025-12-18 13:14:43.851 [warning] [Decorations] CAPPING events from decorations provider vscode.git 528
2025-12-18 13:14:49.129 [warning] [Decorations] CAPPING events from decorations provider vscode.git 528
2025-12-18 13:14:54.395 [warning] [Decorations] CAPPING events from decorations provider vscode.git 528
2025-12-18 13:14:59.663 [warning] [Decorations] CAPPING events from decorations provider vscode.git 528
2025-12-18 13:19:09.229 [warning] [Decorations] CAPPING events from decorations provider vscode.git 579
2025-12-18 13:19:14.489 [warning] [Decorations] CAPPING events from decorations provider vscode.git 579
2025-12-18 13:19:19.746 [warning] [Decorations] CAPPING events from decorations provider vscode.git 579
2025-12-18 13:19:25.022 [warning] [Decorations] CAPPING events from decorations provider vscode.git 578
2025-12-18 13:19:30.296 [warning] [Decorations] CAPPING events from decorations provider vscode.git 579
2025-12-18 13:19:35.554 [warning] [Decorations] CAPPING events from decorations provider vscode.git 579
2025-12-18 13:19:40.827 [warning] [Decorations] CAPPING events from decorations provider vscode.git 579
2025-12-18 13:19:46.104 [warning] [Decorations] CAPPING events from decorations provider vscode.git 579
2025-12-18 13:19:51.425 [warning] [Decorations] CAPPING events from decorations provider vscode.git 579
2025-12-18 13:19:56.704 [warning] [Decorations] CAPPING events from decorations provider vscode.git 580
2025-12-18 13:20:03.002 [warning] [Decorations] CAPPING events from decorations provider vscode.git 579
2025-12-18 13:20:08.279 [warning] [Decorations] CAPPING events from decorations provider vscode.git 579
2025-12-18 13:20:13.552 [warning] [Decorations] CAPPING events from decorations provider vscode.git 579
2025-12-18 13:20:20.999 [warning] [Decorations] CAPPING events from decorations provider vscode.git 579
2025-12-18 13:20:31.672 [warning] [Decorations] CAPPING events from decorations provider vscode.git 579
2025-12-18 13:20:36.941 [warning] [Decorations] CAPPING events from decorations provider vscode.git 579
2025-12-18 13:20:42.225 [warning] [Decorations] CAPPING events from decorations provider vscode.git 579
2025-12-18 13:20:47.501 [warning] [Decorations] CAPPING events from decorations provider vscode.git 579
2025-12-18 13:20:52.767 [warning] [Decorations] CAPPING events from decorations provider vscode.git 580
2025-12-18 13:20:58.040 [warning] [Decorations] CAPPING events from decorations provider vscode.git 580
2025-12-18 13:21:03.308 [warning] [Decorations] CAPPING events from decorations provider vscode.git 580
2025-12-18 13:21:08.582 [warning] [Decorations] CAPPING events from decorations provider vscode.git 581
2025-12-18 13:21:15.615 [warning] [Decorations] CAPPING events from decorations provider vscode.git 580
2025-12-18 13:21:20.887 [warning] [Decorations] CAPPING events from decorations provider vscode.git 580
2025-12-18 13:21:26.162 [warning] [Decorations] CAPPING events from decorations provider vscode.git 580
2025-12-18 13:21:31.442 [warning] [Decorations] CAPPING events from decorations provider vscode.git 580
2025-12-18 13:21:36.719 [warning] [Decorations] CAPPING events from decorations provider vscode.git 580
2025-12-18 13:21:41.967 [warning] [Decorations] CAPPING events from decorations provider vscode.git 580
2025-12-18 13:21:47.229 [warning] [Decorations] CAPPING events from decorations provider vscode.git 580
2025-12-18 13:21:54.081 [warning] [Decorations] CAPPING events from decorations provider vscode.git 580
2025-12-18 13:21:59.351 [warning] [Decorations] CAPPING events from decorations provider vscode.git 580
2025-12-18 13:22:08.577 [warning] [Decorations] CAPPING events from decorations provider vscode.git 580
2025-12-18 13:22:15.605 [warning] [Decorations] CAPPING events from decorations provider vscode.git 580
2025-12-18 13:22:23.243 [warning] [Decorations] CAPPING events from decorations provider vscode.git 580
2025-12-18 13:22:30.674 [warning] [Decorations] CAPPING events from decorations provider vscode.git 580
2025-12-18 13:30:38.492 [info] Extension host terminating: renderer closed the MessagePort
2025-12-18 13:30:38.509 [info] Extension host with pid 7516 exiting with code 0
