2025-12-17T16:02:50.194Z - info: [ui] [AppStore] loading 0 repositories from store
2025-12-17T16:02:50.271Z - info: [ui] [Welcome] no sign in step found. ignoring...
2025-12-17T16:02:50.295Z - info: [ui] launching: 3.4.14-linux1 (Linux 6.17.9-arch1-1)
2025-12-17T16:02:50.309Z - info: [ui] execPath: '/opt/github-desktop/github-desktop'
2025-12-17T16:02:50.354Z - info: [ui] [Welcome] no sign in step found. ignoring...
2025-12-17T16:02:50.383Z - info: [ui] [Welcome] no sign in step found. ignoring...
2025-12-17T16:02:50.421Z - info: [ui] [Welcome] no sign in step found. ignoring...
2025-12-17T16:02:50.651Z - info: [ui] [Welcome] no sign in step found. ignoring...
2025-12-17T16:02:50.765Z - info: [ui] Opt in reported.
2025-12-17T16:02:53.179Z - info: [ui] [Welcome] advancing to step: SignInToDotComWithBrowser
2025-12-17T16:02:53.191Z - info: [ui] [SignInStore] initializing OAuth flow
2025-12-17T16:02:53.191Z - info: [main] opening in browser: https://github.com/login/oauth/authorize?client_id=3a723b10ac5575cc5bb9&scope=repo%20user%20workflow&state=05f907b4-7e57-4061-9124-c86957d69667
2025-12-17T16:02:53.192Z - info: [ui] [Welcome] current sign in state not found. ignoring...
2025-12-17T16:02:58.630Z - info: [ui] [Welcome] kind Authentication is the same as Authentication. ignoring...
2025-12-17T16:03:03.263Z - info: [ui] [Welcome] kind Authentication is the same as Authentication. ignoring...
2025-12-17T16:03:07.390Z - info: [ui] [Welcome] kind Authentication is the same as Authentication. ignoring...
2025-12-17T16:03:09.537Z - info: [ui] [Welcome] kind Authentication is the same as Authentication. ignoring...
2025-12-17T16:03:13.166Z - info: [ui] [Welcome] kind Authentication is the same as Authentication. ignoring...
2025-12-17T16:03:14.709Z - info: [ui] [Welcome] kind Authentication is the same as Authentication. ignoring...
2025-12-17T16:03:17.577Z - info: [ui] [Welcome] kind Authentication is the same as Authentication. ignoring...
2025-12-17T16:03:42.442Z - info: [ui] [Welcome] kind Authentication is the same as Authentication. ignoring...
2025-12-17T16:03:44.522Z - info: [ui] [Welcome] kind Authentication is the same as Authentication. ignoring...
2025-12-17T16:03:48.109Z - info: [main] Processing protocol url
2025-12-17T16:03:48.272Z - info: [main] Processing protocol url
2025-12-17T16:03:48.696Z - info: [ui] [Welcome] kind Authentication is the same as Authentication. ignoring...
2025-12-17T16:03:50.390Z - info: [ui] [Welcome] kind Authentication is the same as Authentication. ignoring...
2025-12-17T16:03:50.528Z - info: [ui] [SignInStore] account resolved
2025-12-17T16:03:50.529Z - info: [ui] [AppStore] adding account miloDev20 (miloDev20) to store
2025-12-17T16:03:50.534Z - info: [ui] [Welcome] advancing to step: ConfigureGit
2025-12-17T16:03:50.600Z - info: [ui] [Welcome] no sign in step found. ignoring...
2025-12-17T16:03:51.167Z - info: [ui] [Welcome] no sign in step found. ignoring...
2025-12-17T16:03:51.678Z - info: [ui] Subscribed 'miloDev20' to Alive channel
2025-12-17T16:04:28.578Z - info: [ui] [AppStore] adding repository at /home/emilio/.config to store
