2025-12-16 17:06:12.892 [info] Extension host with pid 11717 started
2025-12-16 17:06:13.011 [info] ExtensionService#_doActivateExtension vscode.github-authentication, startup: false, activationEvent: 'onAuthenticationRequest:github'
2025-12-16 17:06:13.062 [info] ExtensionService#_doActivateExtension vscode.emmet, startup: false, activationEvent: 'onLanguage'
2025-12-16 17:06:13.160 [info] ExtensionService#_doActivateExtension vscode.git-base, startup: true, activationEvent: '*'
2025-12-16 17:06:13.172 [info] ExtensionService#_doActivateExtension vscode.github, startup: true, activationEvent: '*'
2025-12-16 17:06:13.261 [info] Eager extensions activated
2025-12-16 17:06:13.264 [info] ExtensionService#_doActivateExtension vscode.debug-auto-launch, startup: false, activationEvent: 'onStartupFinished'
2025-12-16 17:06:13.267 [info] ExtensionService#_doActivateExtension vscode.merge-conflict, startup: false, activationEvent: 'onStartupFinished'
2025-12-16 17:10:14.805 [info] Extension host terminating: renderer closed the MessagePort
2025-12-16 17:10:14.810 [info] Extension host with pid 11717 exiting with code 0
2025-12-16 17:10:16.389 [info] Extension host with pid 14431 started
2025-12-16 17:10:16.389 [info] Skipping acquiring lock for /home/emilio/.config/Code - OSS/User/workspaceStorage/cc2cf3ea597065f6d7041d0e7192c595.
2025-12-16 17:10:16.498 [info] ExtensionService#_doActivateExtension vscode.github-authentication, startup: false, activationEvent: 'onAuthenticationRequest:github'
2025-12-16 17:10:16.546 [info] ExtensionService#_doActivateExtension vscode.emmet, startup: false, activationEvent: 'onLanguage'
2025-12-16 17:10:16.624 [info] ExtensionService#_doActivateExtension vscode.git-base, startup: true, activationEvent: '*', root cause: vscode.git
2025-12-16 17:10:16.631 [info] ExtensionService#_doActivateExtension vscode.git, startup: true, activationEvent: '*'
2025-12-16 17:10:16.684 [info] ExtensionService#_doActivateExtension vscode.github, startup: true, activationEvent: '*'
2025-12-16 17:10:16.857 [info] Eager extensions activated
2025-12-16 17:10:16.892 [info] ExtensionService#_doActivateExtension vscode.debug-auto-launch, startup: false, activationEvent: 'onStartupFinished'
2025-12-16 17:10:16.894 [info] ExtensionService#_doActivateExtension vscode.merge-conflict, startup: false, activationEvent: 'onStartupFinished'
2025-12-16 17:10:26.064 [info] ExtensionService#_doActivateExtension vscode.configuration-editing, startup: false, activationEvent: 'onLanguage:json'
2025-12-16 17:10:26.081 [info] ExtensionService#_doActivateExtension vscode.extension-editing, startup: false, activationEvent: 'onLanguage:json'
2025-12-16 17:10:26.107 [info] ExtensionService#_doActivateExtension vscode.json-language-features, startup: false, activationEvent: 'onLanguage:json'
2025-12-16 17:10:26.165 [info] ExtensionService#_doActivateExtension vscode.npm, startup: false, activationEvent: 'onLanguage:json'
