2025-12-18 12:48:33.990 [info] [main] Log level: Info
2025-12-18 12:48:33.990 [info] [main] Validating found git in: "git"
2025-12-18 12:48:33.990 [info] [main] Using git "2.52.0" from "git"
2025-12-18 12:48:33.990 [info] [Model][doInitialScan] Initial repository scan started
2025-12-18 12:48:33.990 [info] > git rev-parse --show-toplevel [6ms]
2025-12-18 12:48:33.990 [info] > git rev-parse --git-dir --git-common-dir --show-superproject-working-tree [3ms]
2025-12-18 12:48:33.990 [info] [Model][openRepository] Opened repository (path): /home/emilio/.config
2025-12-18 12:48:33.990 [info] [Model][openRepository] Opened repository (real path): /home/emilio/.config
2025-12-18 12:48:33.990 [info] [Model][openRepository] Opened repository (kind): repository
2025-12-18 12:48:33.990 [info] > git rev-parse --show-toplevel [2ms]
2025-12-18 12:48:33.990 [info] > git config --get commit.template [7ms]
2025-12-18 12:48:33.990 [info] > git rev-parse --show-toplevel [10ms]
2025-12-18 12:48:33.990 [info] > git for-each-ref --format=%(refname)%00%(upstream:short)%00%(objectname)%00%(upstream:track)%00%(upstream:remotename)%00%(upstream:remoteref) refs/heads/main refs/remotes/main [8ms]
2025-12-18 12:48:33.990 [warning] [Git][revParse] Unable to read file: ENOENT: no such file or directory, open '/home/emilio/.config/.git/refs/remotes/origin/main'
2025-12-18 12:48:33.990 [info] > git rev-parse --show-toplevel [6ms]
2025-12-18 12:48:33.990 [info] > git rev-parse refs/remotes/origin/main [5ms]
2025-12-18 12:48:33.990 [info] > git rev-parse --show-toplevel [13ms]
2025-12-18 12:48:33.990 [info] > git for-each-ref --sort -committerdate --format %(refname)%00%(objectname)%00%(*objectname) [17ms]
2025-12-18 12:48:33.990 [info] > git rev-parse --show-toplevel [10ms]
2025-12-18 12:48:34.024 [info] > git rev-parse --show-toplevel [30ms]
2025-12-18 12:48:34.037 [info] > git rev-parse --show-toplevel [2ms]
2025-12-18 12:48:34.043 [info] > git rev-parse --show-toplevel [1ms]
2025-12-18 12:48:34.048 [info] > git rev-parse --show-toplevel [1ms]
2025-12-18 12:48:34.056 [info] > git rev-parse --show-toplevel [2ms]
2025-12-18 12:48:34.063 [info] > git rev-parse --show-toplevel [1ms]
2025-12-18 12:48:34.068 [info] > git rev-parse --show-toplevel [2ms]
2025-12-18 12:48:34.074 [info] > git rev-parse --show-toplevel [2ms]
2025-12-18 12:48:34.079 [info] > git rev-parse --show-toplevel [1ms]
2025-12-18 12:48:34.084 [info] > git rev-parse --show-toplevel [1ms]
2025-12-18 12:48:34.089 [info] > git rev-parse --show-toplevel [1ms]
2025-12-18 12:48:34.094 [info] > git rev-parse --show-toplevel [1ms]
2025-12-18 12:48:34.099 [info] > git rev-parse --show-toplevel [1ms]
2025-12-18 12:48:34.104 [info] > git rev-parse --show-toplevel [2ms]
2025-12-18 12:48:34.108 [info] > git rev-parse --show-toplevel [1ms]
2025-12-18 12:48:34.113 [info] > git rev-parse --show-toplevel [1ms]
2025-12-18 12:48:34.118 [info] > git rev-parse --show-toplevel [1ms]
2025-12-18 12:48:34.123 [info] > git rev-parse --show-toplevel [1ms]
2025-12-18 12:48:34.124 [info] [Model][doInitialScan] Initial repository scan completed - repositories (1), closed repositories (0), parent repositories (0), unsafe repositories (0)
2025-12-18 12:48:34.224 [info] > git status -z -uall [263ms]
2025-12-18 12:48:34.290 [info] > git for-each-ref --format=%(refname)%00%(upstream:short)%00%(objectname)%00%(upstream:track)%00%(upstream:remotename)%00%(upstream:remoteref) refs/heads/main refs/remotes/main [9ms]
2025-12-18 12:48:34.303 [info] > git config --get --local branch.main.vscode-merge-base [5ms]
2025-12-18 12:48:34.308 [info] > git config --get commit.template [19ms]
2025-12-18 12:48:34.310 [info] > git for-each-ref --format=%(refname)%00%(upstream:short)%00%(objectname)%00%(upstream:track)%00%(upstream:remotename)%00%(upstream:remoteref) refs/heads/origin/main refs/remotes/origin/main [2ms]
2025-12-18 12:48:34.321 [info] > git merge-base refs/heads/main refs/remotes/origin/main [7ms]
2025-12-18 12:48:34.327 [info] > git for-each-ref --format=%(refname)%00%(upstream:short)%00%(objectname)%00%(upstream:track)%00%(upstream:remotename)%00%(upstream:remoteref) refs/heads/main refs/remotes/main [7ms]
2025-12-18 12:48:34.333 [warning] [Git][revParse] Unable to read file: ENOENT: no such file or directory, open '/home/emilio/.config/.git/refs/remotes/origin/main'
2025-12-18 12:48:34.373 [info] > git rev-parse refs/remotes/origin/main [41ms]
2025-12-18 12:48:34.385 [info] > git diff --name-status -z --diff-filter=ADMR --find-renames=50% 95ac9cdbe461e405a18dd5661b7eab365da8c101...refs/remotes/origin/main -- [59ms]
2025-12-18 12:48:34.387 [info] > git for-each-ref --sort -committerdate --format %(refname)%00%(objectname)%00%(*objectname) [2ms]
2025-12-18 12:48:34.452 [info] > git check-ignore -v -z --stdin [3ms]
2025-12-18 12:48:34.598 [info] > git status -z -uall [219ms]
2025-12-18 12:48:37.812 [info] > git for-each-ref --format=%(refname)%00%(upstream:short)%00%(objectname)%00%(upstream:track)%00%(upstream:remotename)%00%(upstream:remoteref) refs/heads/main refs/remotes/main [6ms]
2025-12-18 12:48:37.813 [info] > git config --get commit.template [16ms]
2025-12-18 12:48:37.821 [warning] [Git][revParse] Unable to read file: ENOENT: no such file or directory, open '/home/emilio/.config/.git/refs/remotes/origin/main'
2025-12-18 12:48:37.822 [info] > git rev-parse refs/remotes/origin/main [2ms]
2025-12-18 12:48:37.844 [info] > git for-each-ref --sort -committerdate --format %(refname)%00%(objectname)%00%(*objectname) [3ms]
2025-12-18 12:48:38.037 [info] > git status -z -uall [206ms]
2025-12-18 12:48:43.077 [info] > git config --get commit.template [10ms]
2025-12-18 12:48:43.079 [info] > git for-each-ref --format=%(refname)%00%(upstream:short)%00%(objectname)%00%(upstream:track)%00%(upstream:remotename)%00%(upstream:remoteref) refs/heads/main refs/remotes/main [3ms]
2025-12-18 12:48:43.088 [warning] [Git][revParse] Unable to read file: ENOENT: no such file or directory, open '/home/emilio/.config/.git/refs/remotes/origin/main'
2025-12-18 12:48:43.090 [info] > git rev-parse refs/remotes/origin/main [2ms]
2025-12-18 12:48:43.112 [info] > git for-each-ref --sort -committerdate --format %(refname)%00%(objectname)%00%(*objectname) [3ms]
2025-12-18 12:48:43.315 [info] > git status -z -uall [216ms]
2025-12-18 12:48:48.353 [info] > git config --get commit.template [11ms]
2025-12-18 12:48:48.354 [info] > git for-each-ref --format=%(refname)%00%(upstream:short)%00%(objectname)%00%(upstream:track)%00%(upstream:remotename)%00%(upstream:remoteref) refs/heads/main refs/remotes/main [2ms]
2025-12-18 12:48:48.361 [warning] [Git][revParse] Unable to read file: ENOENT: no such file or directory, open '/home/emilio/.config/.git/refs/remotes/origin/main'
2025-12-18 12:48:48.362 [info] > git rev-parse refs/remotes/origin/main [1ms]
2025-12-18 12:48:48.383 [info] > git for-each-ref --sort -committerdate --format %(refname)%00%(objectname)%00%(*objectname) [4ms]
2025-12-18 12:48:48.576 [info] > git status -z -uall [205ms]
2025-12-18 12:48:53.614 [info] > git config --get commit.template [9ms]
2025-12-18 12:48:53.615 [info] > git for-each-ref --format=%(refname)%00%(upstream:short)%00%(objectname)%00%(upstream:track)%00%(upstream:remotename)%00%(upstream:remoteref) refs/heads/main refs/remotes/main [1ms]
2025-12-18 12:48:53.622 [warning] [Git][revParse] Unable to read file: ENOENT: no such file or directory, open '/home/emilio/.config/.git/refs/remotes/origin/main'
2025-12-18 12:48:53.624 [info] > git rev-parse refs/remotes/origin/main [2ms]
2025-12-18 12:48:53.643 [info] > git for-each-ref --sort -committerdate --format %(refname)%00%(objectname)%00%(*objectname) [5ms]
2025-12-18 12:48:53.861 [info] > git status -z -uall [230ms]
2025-12-18 12:48:58.268 [info] > git show --textconv :hypr/hyprland.conf [12ms]
2025-12-18 12:48:58.270 [info] > git ls-files --stage -- hypr/hyprland.conf [3ms]
2025-12-18 12:48:58.282 [info] > git cat-file -s 3b15fc1393d5d64022af59ce1555a818aff9f7d9 [3ms]
2025-12-18 12:48:58.435 [info] > git blame --root --incremental 95ac9cdbe461e405a18dd5661b7eab365da8c101 -- hypr/hyprland.conf [1ms]
2025-12-18 12:48:58.893 [info] > git for-each-ref --format=%(refname)%00%(upstream:short)%00%(objectname)%00%(upstream:track)%00%(upstream:remotename)%00%(upstream:remoteref) refs/heads/main refs/remotes/main [4ms]
2025-12-18 12:48:58.893 [info] > git config --get commit.template [13ms]
2025-12-18 12:48:58.901 [warning] [Git][revParse] Unable to read file: ENOENT: no such file or directory, open '/home/emilio/.config/.git/refs/remotes/origin/main'
2025-12-18 12:48:58.923 [info] > git rev-parse refs/remotes/origin/main [22ms]
2025-12-18 12:48:58.941 [info] > git for-each-ref --sort -committerdate --format %(refname)%00%(objectname)%00%(*objectname) [3ms]
2025-12-18 12:48:59.137 [info] > git status -z -uall [206ms]
2025-12-18 12:49:04.179 [info] > git config --get commit.template [13ms]
2025-12-18 12:49:04.182 [info] > git for-each-ref --format=%(refname)%00%(upstream:short)%00%(objectname)%00%(upstream:track)%00%(upstream:remotename)%00%(upstream:remoteref) refs/heads/main refs/remotes/main [4ms]
2025-12-18 12:49:04.190 [warning] [Git][revParse] Unable to read file: ENOENT: no such file or directory, open '/home/emilio/.config/.git/refs/remotes/origin/main'
2025-12-18 12:49:04.192 [info] > git rev-parse refs/remotes/origin/main [2ms]
2025-12-18 12:49:04.208 [info] > git for-each-ref --sort -committerdate --format %(refname)%00%(objectname)%00%(*objectname) [3ms]
2025-12-18 12:49:04.413 [info] > git status -z -uall [214ms]
2025-12-18 12:49:09.456 [info] > git config --get commit.template [11ms]
2025-12-18 12:49:09.459 [info] > git for-each-ref --format=%(refname)%00%(upstream:short)%00%(objectname)%00%(upstream:track)%00%(upstream:remotename)%00%(upstream:remoteref) refs/heads/main refs/remotes/main [4ms]
2025-12-18 12:49:09.468 [warning] [Git][revParse] Unable to read file: ENOENT: no such file or directory, open '/home/emilio/.config/.git/refs/remotes/origin/main'
2025-12-18 12:49:09.471 [info] > git rev-parse refs/remotes/origin/main [3ms]
2025-12-18 12:49:09.489 [info] > git for-each-ref --sort -committerdate --format %(refname)%00%(objectname)%00%(*objectname) [2ms]
2025-12-18 12:49:09.692 [info] > git status -z -uall [212ms]
2025-12-18 12:49:14.734 [info] > git config --get commit.template [11ms]
2025-12-18 12:49:14.736 [info] > git for-each-ref --format=%(refname)%00%(upstream:short)%00%(objectname)%00%(upstream:track)%00%(upstream:remotename)%00%(upstream:remoteref) refs/heads/main refs/remotes/main [3ms]
2025-12-18 12:49:14.745 [warning] [Git][revParse] Unable to read file: ENOENT: no such file or directory, open '/home/emilio/.config/.git/refs/remotes/origin/main'
2025-12-18 12:49:14.748 [info] > git rev-parse refs/remotes/origin/main [3ms]
2025-12-18 12:49:14.768 [info] > git for-each-ref --sort -committerdate --format %(refname)%00%(objectname)%00%(*objectname) [1ms]
2025-12-18 12:49:14.970 [info] > git status -z -uall [213ms]
2025-12-18 12:49:20.002 [info] > git config --get commit.template [9ms]
2025-12-18 12:49:20.004 [info] > git for-each-ref --format=%(refname)%00%(upstream:short)%00%(objectname)%00%(upstream:track)%00%(upstream:remotename)%00%(upstream:remoteref) refs/heads/main refs/remotes/main [3ms]
2025-12-18 12:49:20.010 [warning] [Git][revParse] Unable to read file: ENOENT: no such file or directory, open '/home/emilio/.config/.git/refs/remotes/origin/main'
2025-12-18 12:49:20.013 [info] > git rev-parse refs/remotes/origin/main [3ms]
2025-12-18 12:49:20.031 [info] > git for-each-ref --sort -committerdate --format %(refname)%00%(objectname)%00%(*objectname) [2ms]
2025-12-18 12:49:20.232 [info] > git status -z -uall [213ms]
2025-12-18 12:49:25.263 [info] > git config --get commit.template [8ms]
2025-12-18 12:49:25.265 [info] > git for-each-ref --format=%(refname)%00%(upstream:short)%00%(objectname)%00%(upstream:track)%00%(upstream:remotename)%00%(upstream:remoteref) refs/heads/main refs/remotes/main [3ms]
2025-12-18 12:49:25.276 [warning] [Git][revParse] Unable to read file: ENOENT: no such file or directory, open '/home/emilio/.config/.git/refs/remotes/origin/main'
2025-12-18 12:49:25.279 [info] > git rev-parse refs/remotes/origin/main [2ms]
2025-12-18 12:49:25.294 [info] > git for-each-ref --sort -committerdate --format %(refname)%00%(objectname)%00%(*objectname) [2ms]
2025-12-18 12:49:25.500 [info] > git status -z -uall [215ms]
2025-12-18 12:49:30.535 [info] > git config --get commit.template [9ms]
2025-12-18 12:49:30.537 [info] > git for-each-ref --format=%(refname)%00%(upstream:short)%00%(objectname)%00%(upstream:track)%00%(upstream:remotename)%00%(upstream:remoteref) refs/heads/main refs/remotes/main [3ms]
2025-12-18 12:49:30.550 [warning] [Git][revParse] Unable to read file: ENOENT: no such file or directory, open '/home/emilio/.config/.git/refs/remotes/origin/main'
2025-12-18 12:49:30.552 [info] > git rev-parse refs/remotes/origin/main [2ms]
2025-12-18 12:49:30.570 [info] > git for-each-ref --sort -committerdate --format %(refname)%00%(objectname)%00%(*objectname) [3ms]
2025-12-18 12:49:30.773 [info] > git status -z -uall [214ms]
2025-12-18 12:49:35.797 [info] > git config --get commit.template [1ms]
2025-12-18 12:49:35.807 [info] > git for-each-ref --format=%(refname)%00%(upstream:short)%00%(objectname)%00%(upstream:track)%00%(upstream:remotename)%00%(upstream:remoteref) refs/heads/main refs/remotes/main [3ms]
2025-12-18 12:49:35.816 [warning] [Git][revParse] Unable to read file: ENOENT: no such file or directory, open '/home/emilio/.config/.git/refs/remotes/origin/main'
2025-12-18 12:49:35.819 [info] > git rev-parse refs/remotes/origin/main [3ms]
2025-12-18 12:49:35.834 [info] > git for-each-ref --sort -committerdate --format %(refname)%00%(objectname)%00%(*objectname) [1ms]
2025-12-18 12:49:36.029 [info] > git status -z -uall [204ms]
2025-12-18 12:49:41.067 [info] > git config --get commit.template [11ms]
2025-12-18 12:49:41.069 [info] > git for-each-ref --format=%(refname)%00%(upstream:short)%00%(objectname)%00%(upstream:track)%00%(upstream:remotename)%00%(upstream:remoteref) refs/heads/main refs/remotes/main [3ms]
2025-12-18 12:49:41.078 [warning] [Git][revParse] Unable to read file: ENOENT: no such file or directory, open '/home/emilio/.config/.git/refs/remotes/origin/main'
2025-12-18 12:49:41.081 [info] > git rev-parse refs/remotes/origin/main [3ms]
2025-12-18 12:49:41.100 [info] > git for-each-ref --sort -committerdate --format %(refname)%00%(objectname)%00%(*objectname) [1ms]
2025-12-18 12:49:41.303 [info] > git status -z -uall [213ms]
2025-12-18 12:49:46.345 [info] > git config --get commit.template [10ms]
2025-12-18 12:49:46.347 [info] > git for-each-ref --format=%(refname)%00%(upstream:short)%00%(objectname)%00%(upstream:track)%00%(upstream:remotename)%00%(upstream:remoteref) refs/heads/main refs/remotes/main [3ms]
2025-12-18 12:49:46.356 [warning] [Git][revParse] Unable to read file: ENOENT: no such file or directory, open '/home/emilio/.config/.git/refs/remotes/origin/main'
2025-12-18 12:49:46.359 [info] > git rev-parse refs/remotes/origin/main [3ms]
2025-12-18 12:49:46.377 [info] > git for-each-ref --sort -committerdate --format %(refname)%00%(objectname)%00%(*objectname) [1ms]
2025-12-18 12:49:46.583 [info] > git status -z -uall [215ms]
2025-12-18 12:49:51.623 [info] > git config --get commit.template [9ms]
2025-12-18 12:49:51.626 [info] > git for-each-ref --format=%(refname)%00%(upstream:short)%00%(objectname)%00%(upstream:track)%00%(upstream:remotename)%00%(upstream:remoteref) refs/heads/main refs/remotes/main [3ms]
2025-12-18 12:49:51.636 [warning] [Git][revParse] Unable to read file: ENOENT: no such file or directory, open '/home/emilio/.config/.git/refs/remotes/origin/main'
2025-12-18 12:49:51.638 [info] > git rev-parse refs/remotes/origin/main [2ms]
2025-12-18 12:49:51.655 [info] > git for-each-ref --sort -committerdate --format %(refname)%00%(objectname)%00%(*objectname) [3ms]
2025-12-18 12:49:51.859 [info] > git status -z -uall [214ms]
2025-12-18 12:49:56.895 [info] > git config --get commit.template [11ms]
2025-12-18 12:49:56.897 [info] > git for-each-ref --format=%(refname)%00%(upstream:short)%00%(objectname)%00%(upstream:track)%00%(upstream:remotename)%00%(upstream:remoteref) refs/heads/main refs/remotes/main [3ms]
2025-12-18 12:49:56.906 [warning] [Git][revParse] Unable to read file: ENOENT: no such file or directory, open '/home/emilio/.config/.git/refs/remotes/origin/main'
2025-12-18 12:49:56.909 [info] > git rev-parse refs/remotes/origin/main [3ms]
2025-12-18 12:49:56.927 [info] > git for-each-ref --sort -committerdate --format %(refname)%00%(objectname)%00%(*objectname) [3ms]
2025-12-18 12:49:57.120 [info] > git status -z -uall [204ms]
2025-12-18 12:50:02.159 [info] > git config --get commit.template [11ms]
2025-12-18 12:50:02.161 [info] > git for-each-ref --format=%(refname)%00%(upstream:short)%00%(objectname)%00%(upstream:track)%00%(upstream:remotename)%00%(upstream:remoteref) refs/heads/main refs/remotes/main [3ms]
2025-12-18 12:50:02.174 [warning] [Git][revParse] Unable to read file: ENOENT: no such file or directory, open '/home/emilio/.config/.git/refs/remotes/origin/main'
2025-12-18 12:50:02.176 [info] > git rev-parse refs/remotes/origin/main [2ms]
2025-12-18 12:50:02.199 [info] > git for-each-ref --sort -committerdate --format %(refname)%00%(objectname)%00%(*objectname) [4ms]
2025-12-18 12:50:02.399 [info] > git status -z -uall [213ms]
2025-12-18 12:50:07.440 [info] > git config --get commit.template [10ms]
2025-12-18 12:50:07.442 [info] > git for-each-ref --format=%(refname)%00%(upstream:short)%00%(objectname)%00%(upstream:track)%00%(upstream:remotename)%00%(upstream:remoteref) refs/heads/main refs/remotes/main [3ms]
2025-12-18 12:50:07.454 [warning] [Git][revParse] Unable to read file: ENOENT: no such file or directory, open '/home/emilio/.config/.git/refs/remotes/origin/main'
2025-12-18 12:50:07.457 [info] > git rev-parse refs/remotes/origin/main [3ms]
2025-12-18 12:50:07.473 [info] > git for-each-ref --sort -committerdate --format %(refname)%00%(objectname)%00%(*objectname) [1ms]
2025-12-18 12:50:07.680 [info] > git status -z -uall [214ms]
2025-12-18 12:50:12.723 [info] > git config --get commit.template [11ms]
2025-12-18 12:50:12.725 [info] > git for-each-ref --format=%(refname)%00%(upstream:short)%00%(objectname)%00%(upstream:track)%00%(upstream:remotename)%00%(upstream:remoteref) refs/heads/main refs/remotes/main [3ms]
2025-12-18 12:50:12.738 [warning] [Git][revParse] Unable to read file: ENOENT: no such file or directory, open '/home/emilio/.config/.git/refs/remotes/origin/main'
2025-12-18 12:50:12.740 [info] > git rev-parse refs/remotes/origin/main [2ms]
2025-12-18 12:50:12.762 [info] > git for-each-ref --sort -committerdate --format %(refname)%00%(objectname)%00%(*objectname) [3ms]
2025-12-18 12:50:12.963 [info] > git status -z -uall [214ms]
2025-12-18 12:50:18.002 [info] > git config --get commit.template [10ms]
2025-12-18 12:50:18.004 [info] > git for-each-ref --format=%(refname)%00%(upstream:short)%00%(objectname)%00%(upstream:track)%00%(upstream:remotename)%00%(upstream:remoteref) refs/heads/main refs/remotes/main [3ms]
2025-12-18 12:50:18.017 [warning] [Git][revParse] Unable to read file: ENOENT: no such file or directory, open '/home/emilio/.config/.git/refs/remotes/origin/main'
2025-12-18 12:50:18.019 [info] > git rev-parse refs/remotes/origin/main [2ms]
2025-12-18 12:50:18.040 [info] > git for-each-ref --sort -committerdate --format %(refname)%00%(objectname)%00%(*objectname) [3ms]
2025-12-18 12:50:18.240 [info] > git status -z -uall [212ms]
2025-12-18 12:50:23.282 [info] > git config --get commit.template [11ms]
2025-12-18 12:50:23.284 [info] > git for-each-ref --format=%(refname)%00%(upstream:short)%00%(objectname)%00%(upstream:track)%00%(upstream:remotename)%00%(upstream:remoteref) refs/heads/main refs/remotes/main [3ms]
2025-12-18 12:50:23.296 [warning] [Git][revParse] Unable to read file: ENOENT: no such file or directory, open '/home/emilio/.config/.git/refs/remotes/origin/main'
2025-12-18 12:50:23.299 [info] > git rev-parse refs/remotes/origin/main [3ms]
2025-12-18 12:50:23.316 [info] > git for-each-ref --sort -committerdate --format %(refname)%00%(objectname)%00%(*objectname) [1ms]
2025-12-18 12:50:23.519 [info] > git status -z -uall [210ms]
2025-12-18 12:50:28.553 [info] > git config --get commit.template [8ms]
2025-12-18 12:50:28.556 [info] > git for-each-ref --format=%(refname)%00%(upstream:short)%00%(objectname)%00%(upstream:track)%00%(upstream:remotename)%00%(upstream:remoteref) refs/heads/main refs/remotes/main [4ms]
2025-12-18 12:50:28.563 [warning] [Git][revParse] Unable to read file: ENOENT: no such file or directory, open '/home/emilio/.config/.git/refs/remotes/origin/main'
2025-12-18 12:50:28.565 [info] > git rev-parse refs/remotes/origin/main [2ms]
2025-12-18 12:50:28.576 [info] > git for-each-ref --sort -committerdate --format %(refname)%00%(objectname)%00%(*objectname) [1ms]
2025-12-18 12:50:28.776 [info] > git status -z -uall [205ms]
2025-12-18 13:08:08.585 [info] > git config --get commit.template [5ms]
2025-12-18 13:08:08.586 [info] > git for-each-ref --format=%(refname)%00%(upstream:short)%00%(objectname)%00%(upstream:track)%00%(upstream:remotename)%00%(upstream:remoteref) refs/heads/main refs/remotes/main [1ms]
2025-12-18 13:08:08.594 [warning] [Git][revParse] Unable to read file: ENOENT: no such file or directory, open '/home/emilio/.config/.git/refs/remotes/origin/main'
2025-12-18 13:08:08.595 [info] > git rev-parse refs/remotes/origin/main [2ms]
2025-12-18 13:08:08.611 [info] > git for-each-ref --sort -committerdate --format %(refname)%00%(objectname)%00%(*objectname) [3ms]
2025-12-18 13:08:08.810 [info] > git status -z -uall [209ms]
2025-12-18 13:10:43.067 [info] > git check-ignore -v -z --stdin [3ms]
2025-12-18 13:10:50.144 [info] > git check-ignore -v -z --stdin [3ms]
2025-12-18 13:10:52.059 [info] > git check-ignore -v -z --stdin [3ms]
2025-12-18 13:13:15.556 [info] > git config --get commit.template [1ms]
2025-12-18 13:13:15.566 [info] > git for-each-ref --format=%(refname)%00%(upstream:short)%00%(objectname)%00%(upstream:track)%00%(upstream:remotename)%00%(upstream:remoteref) refs/heads/main refs/remotes/main [2ms]
2025-12-18 13:13:15.573 [warning] [Git][revParse] Unable to read file: ENOENT: no such file or directory, open '/home/emilio/.config/.git/refs/remotes/origin/main'
2025-12-18 13:13:15.575 [info] > git rev-parse refs/remotes/origin/main [2ms]
2025-12-18 13:13:15.589 [info] > git for-each-ref --sort -committerdate --format %(refname)%00%(objectname)%00%(*objectname) [2ms]
2025-12-18 13:13:15.796 [info] > git status -z -uall [215ms]
2025-12-18 13:13:18.463 [info] > git rev-parse --show-toplevel [3ms]
2025-12-18 13:13:20.845 [info] > git config --get commit.template [13ms]
2025-12-18 13:13:20.847 [info] > git for-each-ref --format=%(refname)%00%(upstream:short)%00%(objectname)%00%(upstream:track)%00%(upstream:remotename)%00%(upstream:remoteref) refs/heads/main refs/remotes/main [3ms]
2025-12-18 13:13:20.857 [warning] [Git][revParse] Unable to read file: ENOENT: no such file or directory, open '/home/emilio/.config/.git/refs/remotes/origin/main'
2025-12-18 13:13:20.860 [info] > git rev-parse refs/remotes/origin/main [3ms]
2025-12-18 13:13:20.883 [info] > git for-each-ref --sort -committerdate --format %(refname)%00%(objectname)%00%(*objectname) [4ms]
2025-12-18 13:13:21.073 [info] > git status -z -uall [204ms]
2025-12-18 13:13:26.105 [info] > git config --get commit.template [10ms]
2025-12-18 13:13:26.107 [info] > git for-each-ref --format=%(refname)%00%(upstream:short)%00%(objectname)%00%(upstream:track)%00%(upstream:remotename)%00%(upstream:remoteref) refs/heads/main refs/remotes/main [3ms]
2025-12-18 13:13:26.116 [warning] [Git][revParse] Unable to read file: ENOENT: no such file or directory, open '/home/emilio/.config/.git/refs/remotes/origin/main'
2025-12-18 13:13:26.119 [info] > git rev-parse refs/remotes/origin/main [3ms]
2025-12-18 13:13:26.138 [info] > git for-each-ref --sort -committerdate --format %(refname)%00%(objectname)%00%(*objectname) [1ms]
2025-12-18 13:13:26.351 [info] > git status -z -uall [222ms]
2025-12-18 13:13:34.047 [info] > git config --get commit.template [9ms]
2025-12-18 13:13:34.049 [info] > git for-each-ref --format=%(refname)%00%(upstream:short)%00%(objectname)%00%(upstream:track)%00%(upstream:remotename)%00%(upstream:remoteref) refs/heads/main refs/remotes/main [3ms]
2025-12-18 13:13:34.056 [warning] [Git][revParse] Unable to read file: ENOENT: no such file or directory, open '/home/emilio/.config/.git/refs/remotes/origin/main'
2025-12-18 13:13:34.057 [info] > git rev-parse refs/remotes/origin/main [1ms]
2025-12-18 13:13:34.075 [info] > git for-each-ref --sort -committerdate --format %(refname)%00%(objectname)%00%(*objectname) [2ms]
2025-12-18 13:13:34.272 [info] > git status -z -uall [207ms]
2025-12-18 13:13:39.007 [info] > git rev-parse --show-toplevel [2ms]
2025-12-18 13:13:39.310 [info] > git config --get commit.template [9ms]
2025-12-18 13:13:39.313 [info] > git for-each-ref --format=%(refname)%00%(upstream:short)%00%(objectname)%00%(upstream:track)%00%(upstream:remotename)%00%(upstream:remoteref) refs/heads/main refs/remotes/main [3ms]
2025-12-18 13:13:39.322 [warning] [Git][revParse] Unable to read file: ENOENT: no such file or directory, open '/home/emilio/.config/.git/refs/remotes/origin/main'
2025-12-18 13:13:39.324 [info] > git rev-parse refs/remotes/origin/main [2ms]
2025-12-18 13:13:39.345 [info] > git for-each-ref --sort -committerdate --format %(refname)%00%(objectname)%00%(*objectname) [3ms]
2025-12-18 13:13:39.540 [info] > git status -z -uall [207ms]
2025-12-18 13:13:44.586 [info] > git config --get commit.template [12ms]
2025-12-18 13:13:44.588 [info] > git for-each-ref --format=%(refname)%00%(upstream:short)%00%(objectname)%00%(upstream:track)%00%(upstream:remotename)%00%(upstream:remoteref) refs/heads/main refs/remotes/main [3ms]
2025-12-18 13:13:44.596 [warning] [Git][revParse] Unable to read file: ENOENT: no such file or directory, open '/home/emilio/.config/.git/refs/remotes/origin/main'
2025-12-18 13:13:44.597 [info] > git rev-parse refs/remotes/origin/main [1ms]
2025-12-18 13:13:44.609 [info] > git for-each-ref --sort -committerdate --format %(refname)%00%(objectname)%00%(*objectname) [2ms]
2025-12-18 13:13:44.808 [info] > git status -z -uall [207ms]
2025-12-18 13:14:07.823 [info] > git rev-parse --show-toplevel [1ms]
2025-12-18 13:14:22.503 [info] > git config --get commit.template [5ms]
2025-12-18 13:14:22.504 [info] > git for-each-ref --format=%(refname)%00%(upstream:short)%00%(objectname)%00%(upstream:track)%00%(upstream:remotename)%00%(upstream:remoteref) refs/heads/main refs/remotes/main [1ms]
2025-12-18 13:14:22.511 [warning] [Git][revParse] Unable to read file: ENOENT: no such file or directory, open '/home/emilio/.config/.git/refs/remotes/origin/main'
2025-12-18 13:14:22.515 [info] > git rev-parse refs/remotes/origin/main [3ms]
2025-12-18 13:14:22.537 [info] > git for-each-ref --sort -committerdate --format %(refname)%00%(objectname)%00%(*objectname) [2ms]
2025-12-18 13:14:22.739 [info] > git status -z -uall [216ms]
2025-12-18 13:14:27.777 [info] > git config --get commit.template [8ms]
2025-12-18 13:14:27.779 [info] > git for-each-ref --format=%(refname)%00%(upstream:short)%00%(objectname)%00%(upstream:track)%00%(upstream:remotename)%00%(upstream:remoteref) refs/heads/main refs/remotes/main [3ms]
2025-12-18 13:14:27.788 [warning] [Git][revParse] Unable to read file: ENOENT: no such file or directory, open '/home/emilio/.config/.git/refs/remotes/origin/main'
2025-12-18 13:14:27.791 [info] > git rev-parse refs/remotes/origin/main [3ms]
2025-12-18 13:14:27.811 [info] > git for-each-ref --sort -committerdate --format %(refname)%00%(objectname)%00%(*objectname) [1ms]
2025-12-18 13:14:28.016 [info] > git status -z -uall [214ms]
2025-12-18 13:14:33.061 [info] > git config --get commit.template [10ms]
2025-12-18 13:14:33.063 [info] > git for-each-ref --format=%(refname)%00%(upstream:short)%00%(objectname)%00%(upstream:track)%00%(upstream:remotename)%00%(upstream:remoteref) refs/heads/main refs/remotes/main [3ms]
2025-12-18 13:14:33.075 [warning] [Git][revParse] Unable to read file: ENOENT: no such file or directory, open '/home/emilio/.config/.git/refs/remotes/origin/main'
2025-12-18 13:14:33.078 [info] > git rev-parse refs/remotes/origin/main [3ms]
2025-12-18 13:14:33.099 [info] > git for-each-ref --sort -committerdate --format %(refname)%00%(objectname)%00%(*objectname) [2ms]
2025-12-18 13:14:33.300 [info] > git status -z -uall [213ms]
2025-12-18 13:14:38.335 [info] > git config --get commit.template [7ms]
2025-12-18 13:14:38.338 [info] > git for-each-ref --format=%(refname)%00%(upstream:short)%00%(objectname)%00%(upstream:track)%00%(upstream:remotename)%00%(upstream:remoteref) refs/heads/main refs/remotes/main [3ms]
2025-12-18 13:14:38.344 [warning] [Git][revParse] Unable to read file: ENOENT: no such file or directory, open '/home/emilio/.config/.git/refs/remotes/origin/main'
2025-12-18 13:14:38.346 [info] > git rev-parse refs/remotes/origin/main [3ms]
2025-12-18 13:14:38.361 [info] > git for-each-ref --sort -committerdate --format %(refname)%00%(objectname)%00%(*objectname) [2ms]
2025-12-18 13:14:38.565 [info] > git status -z -uall [213ms]
2025-12-18 13:14:43.598 [info] > git config --get commit.template [10ms]
2025-12-18 13:14:43.601 [info] > git for-each-ref --format=%(refname)%00%(upstream:short)%00%(objectname)%00%(upstream:track)%00%(upstream:remotename)%00%(upstream:remoteref) refs/heads/main refs/remotes/main [4ms]
2025-12-18 13:14:43.610 [warning] [Git][revParse] Unable to read file: ENOENT: no such file or directory, open '/home/emilio/.config/.git/refs/remotes/origin/main'
2025-12-18 13:14:43.612 [info] > git rev-parse refs/remotes/origin/main [2ms]
2025-12-18 13:14:43.634 [info] > git for-each-ref --sort -committerdate --format %(refname)%00%(objectname)%00%(*objectname) [3ms]
2025-12-18 13:14:43.835 [info] > git status -z -uall [214ms]
2025-12-18 13:14:48.879 [info] > git config --get commit.template [11ms]
2025-12-18 13:14:48.882 [info] > git for-each-ref --format=%(refname)%00%(upstream:short)%00%(objectname)%00%(upstream:track)%00%(upstream:remotename)%00%(upstream:remoteref) refs/heads/main refs/remotes/main [3ms]
2025-12-18 13:14:48.890 [warning] [Git][revParse] Unable to read file: ENOENT: no such file or directory, open '/home/emilio/.config/.git/refs/remotes/origin/main'
2025-12-18 13:14:48.893 [info] > git rev-parse refs/remotes/origin/main [3ms]
2025-12-18 13:14:48.911 [info] > git for-each-ref --sort -committerdate --format %(refname)%00%(objectname)%00%(*objectname) [2ms]
2025-12-18 13:14:49.114 [info] > git status -z -uall [212ms]
2025-12-18 13:14:54.153 [info] > git config --get commit.template [8ms]
2025-12-18 13:14:54.155 [info] > git for-each-ref --format=%(refname)%00%(upstream:short)%00%(objectname)%00%(upstream:track)%00%(upstream:remotename)%00%(upstream:remoteref) refs/heads/main refs/remotes/main [3ms]
2025-12-18 13:14:54.162 [warning] [Git][revParse] Unable to read file: ENOENT: no such file or directory, open '/home/emilio/.config/.git/refs/remotes/origin/main'
2025-12-18 13:14:54.164 [info] > git rev-parse refs/remotes/origin/main [2ms]
2025-12-18 13:14:54.180 [info] > git for-each-ref --sort -committerdate --format %(refname)%00%(objectname)%00%(*objectname) [3ms]
2025-12-18 13:14:54.385 [info] > git status -z -uall [214ms]
2025-12-18 13:14:59.415 [info] > git config --get commit.template [9ms]
2025-12-18 13:14:59.418 [info] > git for-each-ref --format=%(refname)%00%(upstream:short)%00%(objectname)%00%(upstream:track)%00%(upstream:remotename)%00%(upstream:remoteref) refs/heads/main refs/remotes/main [4ms]
2025-12-18 13:14:59.426 [warning] [Git][revParse] Unable to read file: ENOENT: no such file or directory, open '/home/emilio/.config/.git/refs/remotes/origin/main'
2025-12-18 13:14:59.428 [info] > git rev-parse refs/remotes/origin/main [2ms]
2025-12-18 13:14:59.445 [info] > git for-each-ref --sort -committerdate --format %(refname)%00%(objectname)%00%(*objectname) [2ms]
2025-12-18 13:14:59.649 [info] > git status -z -uall [213ms]
2025-12-18 13:16:02.533 [info] > git check-ignore -v -z --stdin [3ms]
2025-12-18 13:17:02.127 [info] > git check-ignore -v -z --stdin [4ms]
2025-12-18 13:19:08.000 [info] > git show --textconv :hypr/keybinds.conf [11ms]
2025-12-18 13:19:08.002 [info] > git ls-files --stage -- hypr/keybinds.conf [3ms]
2025-12-18 13:19:08.013 [info] > git cat-file -s 51efff021231b858ecb96ac016ae88748f4bd670 [3ms]
2025-12-18 13:19:08.065 [info] > git blame --root --incremental 95ac9cdbe461e405a18dd5661b7eab365da8c101 -- hypr/keybinds.conf [1ms]
2025-12-18 13:19:08.984 [info] > git config --get commit.template [9ms]
2025-12-18 13:19:08.987 [info] > git for-each-ref --format=%(refname)%00%(upstream:short)%00%(objectname)%00%(upstream:track)%00%(upstream:remotename)%00%(upstream:remoteref) refs/heads/main refs/remotes/main [3ms]
2025-12-18 13:19:08.996 [warning] [Git][revParse] Unable to read file: ENOENT: no such file or directory, open '/home/emilio/.config/.git/refs/remotes/origin/main'
2025-12-18 13:19:08.998 [info] > git rev-parse refs/remotes/origin/main [3ms]
2025-12-18 13:19:09.019 [info] > git for-each-ref --sort -committerdate --format %(refname)%00%(objectname)%00%(*objectname) [2ms]
2025-12-18 13:19:09.220 [info] > git status -z -uall [212ms]
2025-12-18 13:19:13.386 [info] > git rev-parse --show-toplevel [3ms]
2025-12-18 13:19:14.247 [info] > git config --get commit.template [8ms]
2025-12-18 13:19:14.250 [info] > git for-each-ref --format=%(refname)%00%(upstream:short)%00%(objectname)%00%(upstream:track)%00%(upstream:remotename)%00%(upstream:remoteref) refs/heads/main refs/remotes/main [3ms]
2025-12-18 13:19:14.256 [warning] [Git][revParse] Unable to read file: ENOENT: no such file or directory, open '/home/emilio/.config/.git/refs/remotes/origin/main'
2025-12-18 13:19:14.258 [info] > git rev-parse refs/remotes/origin/main [2ms]
2025-12-18 13:19:14.275 [info] > git for-each-ref --sort -committerdate --format %(refname)%00%(objectname)%00%(*objectname) [2ms]
2025-12-18 13:19:14.482 [info] > git status -z -uall [216ms]
2025-12-18 13:19:16.186 [info] > git show --textconv :hypr/keybinds.conf [8ms]
2025-12-18 13:19:16.188 [info] > git ls-files --stage -- hypr/keybinds.conf [2ms]
2025-12-18 13:19:16.196 [info] > git cat-file -s 51efff021231b858ecb96ac016ae88748f4bd670 [1ms]
2025-12-18 13:19:19.512 [info] > git config --get commit.template [9ms]
2025-12-18 13:19:19.513 [info] > git for-each-ref --format=%(refname)%00%(upstream:short)%00%(objectname)%00%(upstream:track)%00%(upstream:remotename)%00%(upstream:remoteref) refs/heads/main refs/remotes/main [2ms]
2025-12-18 13:19:19.526 [warning] [Git][revParse] Unable to read file: ENOENT: no such file or directory, open '/home/emilio/.config/.git/refs/remotes/origin/main'
2025-12-18 13:19:19.529 [info] > git rev-parse refs/remotes/origin/main [3ms]
2025-12-18 13:19:19.548 [info] > git for-each-ref --sort -committerdate --format %(refname)%00%(objectname)%00%(*objectname) [3ms]
2025-12-18 13:19:19.740 [info] > git status -z -uall [204ms]
2025-12-18 13:19:24.768 [info] > git config --get commit.template [9ms]
2025-12-18 13:19:24.771 [info] > git for-each-ref --format=%(refname)%00%(upstream:short)%00%(objectname)%00%(upstream:track)%00%(upstream:remotename)%00%(upstream:remoteref) refs/heads/main refs/remotes/main [4ms]
2025-12-18 13:19:24.780 [warning] [Git][revParse] Unable to read file: ENOENT: no such file or directory, open '/home/emilio/.config/.git/refs/remotes/origin/main'
2025-12-18 13:19:24.782 [info] > git rev-parse refs/remotes/origin/main [2ms]
2025-12-18 13:19:24.801 [info] > git for-each-ref --sort -committerdate --format %(refname)%00%(objectname)%00%(*objectname) [2ms]
2025-12-18 13:19:25.006 [info] > git status -z -uall [215ms]
2025-12-18 13:19:30.047 [info] > git config --get commit.template [11ms]
2025-12-18 13:19:30.049 [info] > git for-each-ref --format=%(refname)%00%(upstream:short)%00%(objectname)%00%(upstream:track)%00%(upstream:remotename)%00%(upstream:remoteref) refs/heads/main refs/remotes/main [3ms]
2025-12-18 13:19:30.058 [warning] [Git][revParse] Unable to read file: ENOENT: no such file or directory, open '/home/emilio/.config/.git/refs/remotes/origin/main'
2025-12-18 13:19:30.061 [info] > git rev-parse refs/remotes/origin/main [3ms]
2025-12-18 13:19:30.081 [info] > git for-each-ref --sort -committerdate --format %(refname)%00%(objectname)%00%(*objectname) [3ms]
2025-12-18 13:19:30.281 [info] > git status -z -uall [211ms]
2025-12-18 13:19:34.923 [info] > git check-ignore -v -z --stdin [4ms]
2025-12-18 13:19:35.314 [info] > git config --get commit.template [7ms]
2025-12-18 13:19:35.317 [info] > git for-each-ref --format=%(refname)%00%(upstream:short)%00%(objectname)%00%(upstream:track)%00%(upstream:remotename)%00%(upstream:remoteref) refs/heads/main refs/remotes/main [3ms]
2025-12-18 13:19:35.324 [warning] [Git][revParse] Unable to read file: ENOENT: no such file or directory, open '/home/emilio/.config/.git/refs/remotes/origin/main'
2025-12-18 13:19:35.326 [info] > git rev-parse refs/remotes/origin/main [2ms]
2025-12-18 13:19:35.343 [info] > git for-each-ref --sort -committerdate --format %(refname)%00%(objectname)%00%(*objectname) [3ms]
2025-12-18 13:19:35.546 [info] > git status -z -uall [213ms]
2025-12-18 13:19:36.831 [info] > git check-ignore -v -z --stdin [3ms]
2025-12-18 13:19:40.580 [info] > git config --get commit.template [13ms]
2025-12-18 13:19:40.583 [info] > git for-each-ref --format=%(refname)%00%(upstream:short)%00%(objectname)%00%(upstream:track)%00%(upstream:remotename)%00%(upstream:remoteref) refs/heads/main refs/remotes/main [5ms]
2025-12-18 13:19:40.590 [warning] [Git][revParse] Unable to read file: ENOENT: no such file or directory, open '/home/emilio/.config/.git/refs/remotes/origin/main'
2025-12-18 13:19:40.592 [info] > git rev-parse refs/remotes/origin/main [1ms]
2025-12-18 13:19:40.608 [info] > git for-each-ref --sort -committerdate --format %(refname)%00%(objectname)%00%(*objectname) [1ms]
2025-12-18 13:19:40.813 [info] > git status -z -uall [214ms]
2025-12-18 13:19:45.851 [info] > git config --get commit.template [11ms]
2025-12-18 13:19:45.854 [info] > git for-each-ref --format=%(refname)%00%(upstream:short)%00%(objectname)%00%(upstream:track)%00%(upstream:remotename)%00%(upstream:remoteref) refs/heads/main refs/remotes/main [4ms]
2025-12-18 13:19:45.862 [warning] [Git][revParse] Unable to read file: ENOENT: no such file or directory, open '/home/emilio/.config/.git/refs/remotes/origin/main'
2025-12-18 13:19:45.865 [info] > git rev-parse refs/remotes/origin/main [3ms]
2025-12-18 13:19:45.887 [info] > git for-each-ref --sort -committerdate --format %(refname)%00%(objectname)%00%(*objectname) [3ms]
2025-12-18 13:19:46.088 [info] > git status -z -uall [214ms]
2025-12-18 13:19:51.129 [info] > git config --get commit.template [10ms]
2025-12-18 13:19:51.132 [info] > git for-each-ref --format=%(refname)%00%(upstream:short)%00%(objectname)%00%(upstream:track)%00%(upstream:remotename)%00%(upstream:remoteref) refs/heads/main refs/remotes/main [4ms]
2025-12-18 13:19:51.195 [warning] [Git][revParse] Unable to read file: ENOENT: no such file or directory, open '/home/emilio/.config/.git/refs/remotes/origin/main'
2025-12-18 13:19:51.197 [info] > git rev-parse refs/remotes/origin/main [2ms]
2025-12-18 13:19:51.217 [info] > git for-each-ref --sort -committerdate --format %(refname)%00%(objectname)%00%(*objectname) [3ms]
2025-12-18 13:19:51.410 [info] > git status -z -uall [205ms]
2025-12-18 13:19:56.450 [info] > git config --get commit.template [11ms]
2025-12-18 13:19:56.452 [info] > git for-each-ref --format=%(refname)%00%(upstream:short)%00%(objectname)%00%(upstream:track)%00%(upstream:remotename)%00%(upstream:remoteref) refs/heads/main refs/remotes/main [3ms]
2025-12-18 13:19:56.461 [warning] [Git][revParse] Unable to read file: ENOENT: no such file or directory, open '/home/emilio/.config/.git/refs/remotes/origin/main'
2025-12-18 13:19:56.464 [info] > git rev-parse refs/remotes/origin/main [3ms]
2025-12-18 13:19:56.486 [info] > git for-each-ref --sort -committerdate --format %(refname)%00%(objectname)%00%(*objectname) [3ms]
2025-12-18 13:19:56.687 [info] > git status -z -uall [214ms]
2025-12-18 13:20:02.757 [info] > git config --get commit.template [3ms]
2025-12-18 13:20:02.767 [info] > git for-each-ref --format=%(refname)%00%(upstream:short)%00%(objectname)%00%(upstream:track)%00%(upstream:remotename)%00%(upstream:remoteref) refs/heads/main refs/remotes/main [1ms]
2025-12-18 13:20:02.773 [warning] [Git][revParse] Unable to read file: ENOENT: no such file or directory, open '/home/emilio/.config/.git/refs/remotes/origin/main'
2025-12-18 13:20:02.775 [info] > git rev-parse refs/remotes/origin/main [2ms]
2025-12-18 13:20:02.790 [info] > git for-each-ref --sort -committerdate --format %(refname)%00%(objectname)%00%(*objectname) [2ms]
2025-12-18 13:20:02.987 [info] > git status -z -uall [207ms]
2025-12-18 13:20:08.029 [info] > git config --get commit.template [10ms]
2025-12-18 13:20:08.032 [info] > git for-each-ref --format=%(refname)%00%(upstream:short)%00%(objectname)%00%(upstream:track)%00%(upstream:remotename)%00%(upstream:remoteref) refs/heads/main refs/remotes/main [4ms]
2025-12-18 13:20:08.039 [warning] [Git][revParse] Unable to read file: ENOENT: no such file or directory, open '/home/emilio/.config/.git/refs/remotes/origin/main'
2025-12-18 13:20:08.040 [info] > git rev-parse refs/remotes/origin/main [1ms]
2025-12-18 13:20:08.062 [info] > git for-each-ref --sort -committerdate --format %(refname)%00%(objectname)%00%(*objectname) [4ms]
2025-12-18 13:20:08.263 [info] > git status -z -uall [214ms]
2025-12-18 13:20:13.292 [info] > git config --get commit.template [1ms]
2025-12-18 13:20:13.301 [info] > git for-each-ref --format=%(refname)%00%(upstream:short)%00%(objectname)%00%(upstream:track)%00%(upstream:remotename)%00%(upstream:remoteref) refs/heads/main refs/remotes/main [1ms]
2025-12-18 13:20:13.310 [warning] [Git][revParse] Unable to read file: ENOENT: no such file or directory, open '/home/emilio/.config/.git/refs/remotes/origin/main'
2025-12-18 13:20:13.313 [info] > git rev-parse refs/remotes/origin/main [3ms]
2025-12-18 13:20:13.335 [info] > git for-each-ref --sort -committerdate --format %(refname)%00%(objectname)%00%(*objectname) [3ms]
2025-12-18 13:20:13.537 [info] > git status -z -uall [215ms]
2025-12-18 13:20:20.756 [info] > git config --get commit.template [9ms]
2025-12-18 13:20:20.757 [info] > git for-each-ref --format=%(refname)%00%(upstream:short)%00%(objectname)%00%(upstream:track)%00%(upstream:remotename)%00%(upstream:remoteref) refs/heads/main refs/remotes/main [3ms]
2025-12-18 13:20:20.766 [warning] [Git][revParse] Unable to read file: ENOENT: no such file or directory, open '/home/emilio/.config/.git/refs/remotes/origin/main'
2025-12-18 13:20:20.767 [info] > git rev-parse refs/remotes/origin/main [2ms]
2025-12-18 13:20:20.783 [info] > git for-each-ref --sort -committerdate --format %(refname)%00%(objectname)%00%(*objectname) [2ms]
2025-12-18 13:20:20.992 [info] > git status -z -uall [217ms]
2025-12-18 13:20:31.430 [info] > git config --get commit.template [9ms]
2025-12-18 13:20:31.432 [info] > git for-each-ref --format=%(refname)%00%(upstream:short)%00%(objectname)%00%(upstream:track)%00%(upstream:remotename)%00%(upstream:remoteref) refs/heads/main refs/remotes/main [3ms]
2025-12-18 13:20:31.437 [warning] [Git][revParse] Unable to read file: ENOENT: no such file or directory, open '/home/emilio/.config/.git/refs/remotes/origin/main'
2025-12-18 13:20:31.439 [info] > git rev-parse refs/remotes/origin/main [2ms]
2025-12-18 13:20:31.452 [info] > git for-each-ref --sort -committerdate --format %(refname)%00%(objectname)%00%(*objectname) [1ms]
2025-12-18 13:20:31.658 [info] > git status -z -uall [213ms]
2025-12-18 13:20:36.688 [info] > git config --get commit.template [1ms]
2025-12-18 13:20:36.700 [info] > git for-each-ref --format=%(refname)%00%(upstream:short)%00%(objectname)%00%(upstream:track)%00%(upstream:remotename)%00%(upstream:remoteref) refs/heads/main refs/remotes/main [3ms]
2025-12-18 13:20:36.708 [warning] [Git][revParse] Unable to read file: ENOENT: no such file or directory, open '/home/emilio/.config/.git/refs/remotes/origin/main'
2025-12-18 13:20:36.711 [info] > git rev-parse refs/remotes/origin/main [3ms]
2025-12-18 13:20:36.731 [info] > git for-each-ref --sort -committerdate --format %(refname)%00%(objectname)%00%(*objectname) [3ms]
2025-12-18 13:20:36.925 [info] > git status -z -uall [207ms]
2025-12-18 13:20:41.956 [info] > git config --get commit.template [2ms]
2025-12-18 13:20:41.965 [info] > git for-each-ref --format=%(refname)%00%(upstream:short)%00%(objectname)%00%(upstream:track)%00%(upstream:remotename)%00%(upstream:remoteref) refs/heads/main refs/remotes/main [2ms]
2025-12-18 13:20:41.974 [warning] [Git][revParse] Unable to read file: ENOENT: no such file or directory, open '/home/emilio/.config/.git/refs/remotes/origin/main'
2025-12-18 13:20:41.977 [info] > git rev-parse refs/remotes/origin/main [2ms]
2025-12-18 13:20:41.999 [info] > git for-each-ref --sort -committerdate --format %(refname)%00%(objectname)%00%(*objectname) [3ms]
2025-12-18 13:20:42.211 [info] > git status -z -uall [224ms]
2025-12-18 13:20:47.248 [info] > git config --get commit.template [10ms]
2025-12-18 13:20:47.251 [info] > git for-each-ref --format=%(refname)%00%(upstream:short)%00%(objectname)%00%(upstream:track)%00%(upstream:remotename)%00%(upstream:remoteref) refs/heads/main refs/remotes/main [4ms]
2025-12-18 13:20:47.260 [warning] [Git][revParse] Unable to read file: ENOENT: no such file or directory, open '/home/emilio/.config/.git/refs/remotes/origin/main'
2025-12-18 13:20:47.262 [info] > git rev-parse refs/remotes/origin/main [2ms]
2025-12-18 13:20:47.284 [info] > git for-each-ref --sort -committerdate --format %(refname)%00%(objectname)%00%(*objectname) [3ms]
2025-12-18 13:20:47.486 [info] > git status -z -uall [215ms]
2025-12-18 13:20:52.524 [info] > git config --get commit.template [9ms]
2025-12-18 13:20:52.525 [info] > git for-each-ref --format=%(refname)%00%(upstream:short)%00%(objectname)%00%(upstream:track)%00%(upstream:remotename)%00%(upstream:remoteref) refs/heads/main refs/remotes/main [2ms]
2025-12-18 13:20:52.534 [warning] [Git][revParse] Unable to read file: ENOENT: no such file or directory, open '/home/emilio/.config/.git/refs/remotes/origin/main'
2025-12-18 13:20:52.536 [info] > git rev-parse refs/remotes/origin/main [2ms]
2025-12-18 13:20:52.555 [info] > git for-each-ref --sort -committerdate --format %(refname)%00%(objectname)%00%(*objectname) [3ms]
2025-12-18 13:20:52.749 [info] > git status -z -uall [205ms]
2025-12-18 13:20:57.793 [info] > git config --get commit.template [12ms]
2025-12-18 13:20:57.794 [info] > git for-each-ref --format=%(refname)%00%(upstream:short)%00%(objectname)%00%(upstream:track)%00%(upstream:remotename)%00%(upstream:remoteref) refs/heads/main refs/remotes/main [3ms]
2025-12-18 13:20:57.800 [warning] [Git][revParse] Unable to read file: ENOENT: no such file or directory, open '/home/emilio/.config/.git/refs/remotes/origin/main'
2025-12-18 13:20:57.801 [info] > git rev-parse refs/remotes/origin/main [1ms]
2025-12-18 13:20:57.825 [info] > git for-each-ref --sort -committerdate --format %(refname)%00%(objectname)%00%(*objectname) [3ms]
2025-12-18 13:20:58.025 [info] > git status -z -uall [215ms]
2025-12-18 13:21:03.060 [info] > git config --get commit.template [7ms]
2025-12-18 13:21:03.063 [info] > git for-each-ref --format=%(refname)%00%(upstream:short)%00%(objectname)%00%(upstream:track)%00%(upstream:remotename)%00%(upstream:remoteref) refs/heads/main refs/remotes/main [4ms]
2025-12-18 13:21:03.069 [warning] [Git][revParse] Unable to read file: ENOENT: no such file or directory, open '/home/emilio/.config/.git/refs/remotes/origin/main'
2025-12-18 13:21:03.071 [info] > git rev-parse refs/remotes/origin/main [2ms]
2025-12-18 13:21:03.084 [info] > git for-each-ref --sort -committerdate --format %(refname)%00%(objectname)%00%(*objectname) [1ms]
2025-12-18 13:21:03.294 [info] > git status -z -uall [216ms]
2025-12-18 13:21:08.332 [info] > git config --get commit.template [10ms]
2025-12-18 13:21:08.334 [info] > git for-each-ref --format=%(refname)%00%(upstream:short)%00%(objectname)%00%(upstream:track)%00%(upstream:remotename)%00%(upstream:remoteref) refs/heads/main refs/remotes/main [3ms]
2025-12-18 13:21:08.343 [warning] [Git][revParse] Unable to read file: ENOENT: no such file or directory, open '/home/emilio/.config/.git/refs/remotes/origin/main'
2025-12-18 13:21:08.346 [info] > git rev-parse refs/remotes/origin/main [2ms]
2025-12-18 13:21:08.363 [info] > git for-each-ref --sort -committerdate --format %(refname)%00%(objectname)%00%(*objectname) [1ms]
2025-12-18 13:21:08.569 [info] > git status -z -uall [215ms]
2025-12-18 13:21:15.381 [info] > git config --get commit.template [5ms]
2025-12-18 13:21:15.382 [info] > git for-each-ref --format=%(refname)%00%(upstream:short)%00%(objectname)%00%(upstream:track)%00%(upstream:remotename)%00%(upstream:remoteref) refs/heads/main refs/remotes/main [2ms]
2025-12-18 13:21:15.386 [warning] [Git][revParse] Unable to read file: ENOENT: no such file or directory, open '/home/emilio/.config/.git/refs/remotes/origin/main'
2025-12-18 13:21:15.388 [info] > git rev-parse refs/remotes/origin/main [1ms]
2025-12-18 13:21:15.399 [info] > git for-each-ref --sort -committerdate --format %(refname)%00%(objectname)%00%(*objectname) [1ms]
2025-12-18 13:21:15.600 [info] > git status -z -uall [207ms]
2025-12-18 13:21:20.640 [info] > git config --get commit.template [10ms]
2025-12-18 13:21:20.642 [info] > git for-each-ref --format=%(refname)%00%(upstream:short)%00%(objectname)%00%(upstream:track)%00%(upstream:remotename)%00%(upstream:remoteref) refs/heads/main refs/remotes/main [3ms]
2025-12-18 13:21:20.653 [warning] [Git][revParse] Unable to read file: ENOENT: no such file or directory, open '/home/emilio/.config/.git/refs/remotes/origin/main'
2025-12-18 13:21:20.655 [info] > git rev-parse refs/remotes/origin/main [2ms]
2025-12-18 13:21:20.672 [info] > git for-each-ref --sort -committerdate --format %(refname)%00%(objectname)%00%(*objectname) [2ms]
2025-12-18 13:21:20.880 [info] > git status -z -uall [217ms]
2025-12-18 13:21:25.910 [info] > git config --get commit.template [10ms]
2025-12-18 13:21:25.912 [info] > git for-each-ref --format=%(refname)%00%(upstream:short)%00%(objectname)%00%(upstream:track)%00%(upstream:remotename)%00%(upstream:remoteref) refs/heads/main refs/remotes/main [3ms]
2025-12-18 13:21:25.921 [warning] [Git][revParse] Unable to read file: ENOENT: no such file or directory, open '/home/emilio/.config/.git/refs/remotes/origin/main'
2025-12-18 13:21:25.923 [info] > git rev-parse refs/remotes/origin/main [2ms]
2025-12-18 13:21:25.940 [info] > git for-each-ref --sort -committerdate --format %(refname)%00%(objectname)%00%(*objectname) [1ms]
2025-12-18 13:21:26.144 [info] > git status -z -uall [213ms]
2025-12-18 13:21:31.188 [info] > git config --get commit.template [9ms]
2025-12-18 13:21:31.188 [info] > git for-each-ref --format=%(refname)%00%(upstream:short)%00%(objectname)%00%(upstream:track)%00%(upstream:remotename)%00%(upstream:remoteref) refs/heads/main refs/remotes/main [1ms]
2025-12-18 13:21:31.202 [warning] [Git][revParse] Unable to read file: ENOENT: no such file or directory, open '/home/emilio/.config/.git/refs/remotes/origin/main'
2025-12-18 13:21:31.204 [info] > git rev-parse refs/remotes/origin/main [2ms]
2025-12-18 13:21:31.222 [info] > git for-each-ref --sort -committerdate --format %(refname)%00%(objectname)%00%(*objectname) [1ms]
2025-12-18 13:21:31.427 [info] > git status -z -uall [214ms]
2025-12-18 13:21:36.464 [info] > git config --get commit.template [8ms]
2025-12-18 13:21:36.465 [info] > git for-each-ref --format=%(refname)%00%(upstream:short)%00%(objectname)%00%(upstream:track)%00%(upstream:remotename)%00%(upstream:remoteref) refs/heads/main refs/remotes/main [1ms]
2025-12-18 13:21:36.478 [warning] [Git][revParse] Unable to read file: ENOENT: no such file or directory, open '/home/emilio/.config/.git/refs/remotes/origin/main'
2025-12-18 13:21:36.481 [info] > git rev-parse refs/remotes/origin/main [3ms]
2025-12-18 13:21:36.498 [info] > git for-each-ref --sort -committerdate --format %(refname)%00%(objectname)%00%(*objectname) [2ms]
2025-12-18 13:21:36.704 [info] > git status -z -uall [215ms]
2025-12-18 13:21:41.736 [info] > git config --get commit.template [6ms]
2025-12-18 13:21:41.737 [info] > git for-each-ref --format=%(refname)%00%(upstream:short)%00%(objectname)%00%(upstream:track)%00%(upstream:remotename)%00%(upstream:remoteref) refs/heads/main refs/remotes/main [2ms]
2025-12-18 13:21:41.741 [warning] [Git][revParse] Unable to read file: ENOENT: no such file or directory, open '/home/emilio/.config/.git/refs/remotes/origin/main'
2025-12-18 13:21:41.742 [info] > git rev-parse refs/remotes/origin/main [1ms]
2025-12-18 13:21:41.758 [info] > git for-each-ref --sort -committerdate --format %(refname)%00%(objectname)%00%(*objectname) [3ms]
2025-12-18 13:21:41.958 [info] > git status -z -uall [211ms]
2025-12-18 13:21:46.989 [info] > git config --get commit.template [9ms]
2025-12-18 13:21:46.990 [info] > git for-each-ref --format=%(refname)%00%(upstream:short)%00%(objectname)%00%(upstream:track)%00%(upstream:remotename)%00%(upstream:remoteref) refs/heads/main refs/remotes/main [2ms]
2025-12-18 13:21:47.002 [warning] [Git][revParse] Unable to read file: ENOENT: no such file or directory, open '/home/emilio/.config/.git/refs/remotes/origin/main'
2025-12-18 13:21:47.004 [info] > git rev-parse refs/remotes/origin/main [3ms]
2025-12-18 13:21:47.020 [info] > git for-each-ref --sort -committerdate --format %(refname)%00%(objectname)%00%(*objectname) [2ms]
2025-12-18 13:21:47.220 [info] > git status -z -uall [208ms]
2025-12-18 13:21:53.847 [info] > git config --get commit.template [9ms]
2025-12-18 13:21:53.850 [info] > git for-each-ref --format=%(refname)%00%(upstream:short)%00%(objectname)%00%(upstream:track)%00%(upstream:remotename)%00%(upstream:remoteref) refs/heads/main refs/remotes/main [3ms]
2025-12-18 13:21:53.858 [warning] [Git][revParse] Unable to read file: ENOENT: no such file or directory, open '/home/emilio/.config/.git/refs/remotes/origin/main'
2025-12-18 13:21:53.861 [info] > git rev-parse refs/remotes/origin/main [4ms]
2025-12-18 13:21:53.872 [info] > git for-each-ref --sort -committerdate --format %(refname)%00%(objectname)%00%(*objectname) [1ms]
2025-12-18 13:21:54.075 [info] > git status -z -uall [209ms]
2025-12-18 13:21:59.105 [info] > git config --get commit.template [9ms]
2025-12-18 13:21:59.107 [info] > git for-each-ref --format=%(refname)%00%(upstream:short)%00%(objectname)%00%(upstream:track)%00%(upstream:remotename)%00%(upstream:remoteref) refs/heads/main refs/remotes/main [3ms]
2025-12-18 13:21:59.115 [warning] [Git][revParse] Unable to read file: ENOENT: no such file or directory, open '/home/emilio/.config/.git/refs/remotes/origin/main'
2025-12-18 13:21:59.118 [info] > git rev-parse refs/remotes/origin/main [3ms]
2025-12-18 13:21:59.136 [info] > git for-each-ref --sort -committerdate --format %(refname)%00%(objectname)%00%(*objectname) [2ms]
2025-12-18 13:21:59.340 [info] > git status -z -uall [214ms]
2025-12-18 13:22:08.339 [info] > git config --get commit.template [10ms]
2025-12-18 13:22:08.341 [info] > git for-each-ref --format=%(refname)%00%(upstream:short)%00%(objectname)%00%(upstream:track)%00%(upstream:remotename)%00%(upstream:remoteref) refs/heads/main refs/remotes/main [3ms]
2025-12-18 13:22:08.348 [warning] [Git][revParse] Unable to read file: ENOENT: no such file or directory, open '/home/emilio/.config/.git/refs/remotes/origin/main'
2025-12-18 13:22:08.349 [info] > git rev-parse refs/remotes/origin/main [1ms]
2025-12-18 13:22:08.364 [info] > git for-each-ref --sort -committerdate --format %(refname)%00%(objectname)%00%(*objectname) [2ms]
2025-12-18 13:22:08.567 [info] > git status -z -uall [212ms]
2025-12-18 13:22:15.379 [info] > git config --get commit.template [14ms]
2025-12-18 13:22:15.382 [info] > git for-each-ref --format=%(refname)%00%(upstream:short)%00%(objectname)%00%(upstream:track)%00%(upstream:remotename)%00%(upstream:remoteref) refs/heads/main refs/remotes/main [5ms]
2025-12-18 13:22:15.389 [warning] [Git][revParse] Unable to read file: ENOENT: no such file or directory, open '/home/emilio/.config/.git/refs/remotes/origin/main'
2025-12-18 13:22:15.391 [info] > git rev-parse refs/remotes/origin/main [2ms]
2025-12-18 13:22:15.402 [info] > git for-each-ref --sort -committerdate --format %(refname)%00%(objectname)%00%(*objectname) [2ms]
2025-12-18 13:22:15.599 [info] > git status -z -uall [204ms]
2025-12-18 13:22:23.006 [info] > git config --get commit.template [9ms]
2025-12-18 13:22:23.007 [info] > git for-each-ref --format=%(refname)%00%(upstream:short)%00%(objectname)%00%(upstream:track)%00%(upstream:remotename)%00%(upstream:remoteref) refs/heads/main refs/remotes/main [1ms]
2025-12-18 13:22:23.014 [warning] [Git][revParse] Unable to read file: ENOENT: no such file or directory, open '/home/emilio/.config/.git/refs/remotes/origin/main'
2025-12-18 13:22:23.015 [info] > git rev-parse refs/remotes/origin/main [1ms]
2025-12-18 13:22:23.027 [info] > git for-each-ref --sort -committerdate --format %(refname)%00%(objectname)%00%(*objectname) [1ms]
2025-12-18 13:22:23.231 [info] > git status -z -uall [211ms]
2025-12-18 13:22:30.435 [info] > git config --get commit.template [9ms]
2025-12-18 13:22:30.435 [info] > git for-each-ref --format=%(refname)%00%(upstream:short)%00%(objectname)%00%(upstream:track)%00%(upstream:remotename)%00%(upstream:remoteref) refs/heads/main refs/remotes/main [1ms]
2025-12-18 13:22:30.443 [warning] [Git][revParse] Unable to read file: ENOENT: no such file or directory, open '/home/emilio/.config/.git/refs/remotes/origin/main'
2025-12-18 13:22:30.445 [info] > git rev-parse refs/remotes/origin/main [2ms]
2025-12-18 13:22:30.463 [info] > git for-each-ref --sort -committerdate --format %(refname)%00%(objectname)%00%(*objectname) [1ms]
2025-12-18 13:22:30.667 [info] > git status -z -uall [214ms]
2025-12-18 13:22:38.877 [info] > git check-ignore -v -z --stdin [4ms]
