2025-12-16 17:13:50.464 [info] [main] Log level: Info
2025-12-16 17:13:50.464 [info] [main] Validating found git in: "git"
2025-12-16 17:13:50.464 [info] [main] Using git "2.52.0" from "git"
2025-12-16 17:13:50.464 [info] [Model][doInitialScan] Initial repository scan started
2025-12-16 17:13:50.464 [info] > git rev-parse --show-toplevel [10ms]
2025-12-16 17:13:50.464 [info] fatal: not a git repository (or any parent up to mount point /)
Stopping at filesystem boundary (GIT_DISCOVERY_ACROSS_FILESYSTEM not set).
2025-12-16 17:13:50.464 [info] > git rev-parse --show-toplevel [1ms]
2025-12-16 17:13:50.464 [info] fatal: not a git repository (or any parent up to mount point /)
Stopping at filesystem boundary (GIT_DISCOVERY_ACROSS_FILESYSTEM not set).
2025-12-16 17:13:50.464 [info] > git rev-parse --show-toplevel [1ms]
2025-12-16 17:13:50.464 [info] fatal: not a git repository (or any parent up to mount point /)
Stopping at filesystem boundary (GIT_DISCOVERY_ACROSS_FILESYSTEM not set).
2025-12-16 17:13:50.464 [info] > git rev-parse --show-toplevel [1ms]
2025-12-16 17:13:50.464 [info] fatal: not a git repository (or any parent up to mount point /)
Stopping at filesystem boundary (GIT_DISCOVERY_ACROSS_FILESYSTEM not set).
2025-12-16 17:13:50.464 [info] > git rev-parse --show-toplevel [1ms]
2025-12-16 17:13:50.464 [info] fatal: not a git repository (or any parent up to mount point /)
Stopping at filesystem boundary (GIT_DISCOVERY_ACROSS_FILESYSTEM not set).
2025-12-16 17:13:50.464 [info] > git rev-parse --show-toplevel [2ms]
2025-12-16 17:13:50.464 [info] fatal: not a git repository (or any parent up to mount point /)
Stopping at filesystem boundary (GIT_DISCOVERY_ACROSS_FILESYSTEM not set).
2025-12-16 17:13:50.464 [info] > git rev-parse --show-toplevel [1ms]
2025-12-16 17:13:50.464 [info] fatal: not a git repository (or any parent up to mount point /)
Stopping at filesystem boundary (GIT_DISCOVERY_ACROSS_FILESYSTEM not set).
2025-12-16 17:13:50.464 [info] > git rev-parse --show-toplevel [1ms]
2025-12-16 17:13:50.464 [info] fatal: not a git repository (or any parent up to mount point /)
Stopping at filesystem boundary (GIT_DISCOVERY_ACROSS_FILESYSTEM not set).
2025-12-16 17:13:50.464 [info] > git rev-parse --show-toplevel [1ms]
2025-12-16 17:13:50.464 [info] fatal: not a git repository (or any parent up to mount point /)
Stopping at filesystem boundary (GIT_DISCOVERY_ACROSS_FILESYSTEM not set).
2025-12-16 17:13:50.464 [info] > git rev-parse --show-toplevel [1ms]
2025-12-16 17:13:50.464 [info] fatal: not a git repository (or any parent up to mount point /)
Stopping at filesystem boundary (GIT_DISCOVERY_ACROSS_FILESYSTEM not set).
2025-12-16 17:13:50.464 [info] > git rev-parse --show-toplevel [1ms]
2025-12-16 17:13:50.464 [info] fatal: not a git repository (or any parent up to mount point /)
Stopping at filesystem boundary (GIT_DISCOVERY_ACROSS_FILESYSTEM not set).
2025-12-16 17:13:50.464 [info] > git rev-parse --show-toplevel [6ms]
2025-12-16 17:13:50.464 [info] fatal: not a git repository (or any parent up to mount point /)
Stopping at filesystem boundary (GIT_DISCOVERY_ACROSS_FILESYSTEM not set).
2025-12-16 17:13:50.464 [info] > git rev-parse --show-toplevel [1ms]
2025-12-16 17:13:50.464 [info] fatal: not a git repository (or any parent up to mount point /)
Stopping at filesystem boundary (GIT_DISCOVERY_ACROSS_FILESYSTEM not set).
2025-12-16 17:13:50.464 [info] > git rev-parse --show-toplevel [6ms]
2025-12-16 17:13:50.464 [info] fatal: not a git repository (or any parent up to mount point /)
Stopping at filesystem boundary (GIT_DISCOVERY_ACROSS_FILESYSTEM not set).
2025-12-16 17:13:50.492 [info] > git rev-parse --show-toplevel [23ms]
2025-12-16 17:13:50.492 [info] fatal: not a git repository (or any parent up to mount point /)
Stopping at filesystem boundary (GIT_DISCOVERY_ACROSS_FILESYSTEM not set).
2025-12-16 17:13:50.503 [info] > git rev-parse --show-toplevel [1ms]
2025-12-16 17:13:50.503 [info] fatal: not a git repository (or any parent up to mount point /)
Stopping at filesystem boundary (GIT_DISCOVERY_ACROSS_FILESYSTEM not set).
2025-12-16 17:13:50.508 [info] > git rev-parse --show-toplevel [1ms]
2025-12-16 17:13:50.508 [info] fatal: not a git repository (or any parent up to mount point /)
Stopping at filesystem boundary (GIT_DISCOVERY_ACROSS_FILESYSTEM not set).
2025-12-16 17:13:50.514 [info] > git rev-parse --show-toplevel [2ms]
2025-12-16 17:13:50.514 [info] fatal: not a git repository (or any parent up to mount point /)
Stopping at filesystem boundary (GIT_DISCOVERY_ACROSS_FILESYSTEM not set).
2025-12-16 17:13:50.518 [info] > git rev-parse --show-toplevel [1ms]
2025-12-16 17:13:50.518 [info] fatal: not a git repository (or any parent up to mount point /)
Stopping at filesystem boundary (GIT_DISCOVERY_ACROSS_FILESYSTEM not set).
2025-12-16 17:13:50.524 [info] > git rev-parse --show-toplevel [1ms]
2025-12-16 17:13:50.524 [info] fatal: not a git repository (or any parent up to mount point /)
Stopping at filesystem boundary (GIT_DISCOVERY_ACROSS_FILESYSTEM not set).
2025-12-16 17:13:50.529 [info] > git rev-parse --show-toplevel [1ms]
2025-12-16 17:13:50.529 [info] fatal: not a git repository (or any parent up to mount point /)
Stopping at filesystem boundary (GIT_DISCOVERY_ACROSS_FILESYSTEM not set).
2025-12-16 17:13:50.529 [info] [Model][doInitialScan] Initial repository scan completed - repositories (0), closed repositories (0), parent repositories (0), unsafe repositories (0)
2025-12-16 17:13:59.004 [info] > git rev-parse --show-toplevel [2ms]
2025-12-16 17:13:59.004 [info] fatal: not a git repository (or any parent up to mount point /)
Stopping at filesystem boundary (GIT_DISCOVERY_ACROSS_FILESYSTEM not set).
2025-12-16 17:14:49.222 [info] > git rev-parse --show-toplevel [1ms]
2025-12-16 17:14:49.222 [info] fatal: not a git repository (or any parent up to mount point /)
Stopping at filesystem boundary (GIT_DISCOVERY_ACROSS_FILESYSTEM not set).
2025-12-16 17:14:57.752 [info] > git rev-parse --show-toplevel [2ms]
2025-12-16 17:14:57.752 [info] fatal: not a git repository (or any parent up to mount point /)
Stopping at filesystem boundary (GIT_DISCOVERY_ACROSS_FILESYSTEM not set).
2025-12-16 17:16:48.445 [info] > git rev-parse --show-toplevel [1ms]
2025-12-16 17:16:48.445 [info] fatal: not a git repository (or any parent up to mount point /)
Stopping at filesystem boundary (GIT_DISCOVERY_ACROSS_FILESYSTEM not set).
2025-12-16 17:28:47.651 [info] > git rev-parse --show-toplevel [3ms]
2025-12-16 17:28:47.651 [info] fatal: not a git repository (or any parent up to mount point /)
Stopping at filesystem boundary (GIT_DISCOVERY_ACROSS_FILESYSTEM not set).
2025-12-16 17:28:55.093 [info] > git rev-parse --show-toplevel [1ms]
2025-12-16 17:28:55.093 [info] fatal: not a git repository (or any parent up to mount point /)
Stopping at filesystem boundary (GIT_DISCOVERY_ACROSS_FILESYSTEM not set).
2025-12-16 17:29:19.703 [info] > git rev-parse --show-toplevel [1ms]
2025-12-16 17:29:19.703 [info] fatal: not a git repository (or any parent up to mount point /)
Stopping at filesystem boundary (GIT_DISCOVERY_ACROSS_FILESYSTEM not set).
2025-12-16 17:29:23.357 [info] > git rev-parse --show-toplevel [1ms]
2025-12-16 17:29:23.357 [info] fatal: not a git repository (or any parent up to mount point /)
Stopping at filesystem boundary (GIT_DISCOVERY_ACROSS_FILESYSTEM not set).
2025-12-16 17:29:31.314 [info] > git rev-parse --show-toplevel [3ms]
2025-12-16 17:29:31.314 [info] fatal: not a git repository (or any parent up to mount point /)
Stopping at filesystem boundary (GIT_DISCOVERY_ACROSS_FILESYSTEM not set).
2025-12-16 17:30:27.882 [info] > git rev-parse --show-toplevel [3ms]
2025-12-16 17:33:46.388 [info] > git rev-parse --show-toplevel [2ms]
2025-12-16 17:33:46.389 [info] fatal: not a git repository (or any parent up to mount point /)
Stopping at filesystem boundary (GIT_DISCOVERY_ACROSS_FILESYSTEM not set).
2025-12-16 17:34:09.433 [info] > git rev-parse --show-toplevel [2ms]
2025-12-16 17:34:09.433 [info] fatal: not a git repository (or any parent up to mount point /)
Stopping at filesystem boundary (GIT_DISCOVERY_ACROSS_FILESYSTEM not set).
2025-12-16 17:34:12.460 [info] > git rev-parse --show-toplevel [2ms]
2025-12-16 17:34:12.460 [info] fatal: not a git repository (or any parent up to mount point /)
Stopping at filesystem boundary (GIT_DISCOVERY_ACROSS_FILESYSTEM not set).
