2025-12-17 16:59:36.798 [info] [main] Log level: Info
2025-12-17 16:59:36.798 [info] [main] Validating found git in: "git"
2025-12-17 16:59:36.798 [info] [main] Using git "2.52.0" from "git"
2025-12-17 16:59:36.798 [info] [Model][doInitialScan] Initial repository scan started
2025-12-17 16:59:36.798 [info] > git rev-parse --show-toplevel [6ms]
2025-12-17 16:59:36.798 [info] fatal: not a git repository (or any parent up to mount point /)
Stopping at filesystem boundary (GIT_DISCOVERY_ACROSS_FILESYSTEM not set).
2025-12-17 16:59:36.798 [info] > git rev-parse --show-toplevel [2ms]
2025-12-17 16:59:36.798 [info] fatal: not a git repository (or any parent up to mount point /)
Stopping at filesystem boundary (GIT_DISCOVERY_ACROSS_FILESYSTEM not set).
2025-12-17 16:59:36.798 [info] > git rev-parse --show-toplevel [5ms]
2025-12-17 16:59:36.798 [info] fatal: not a git repository (or any parent up to mount point /)
Stopping at filesystem boundary (GIT_DISCOVERY_ACROSS_FILESYSTEM not set).
2025-12-17 16:59:36.798 [info] > git rev-parse --show-toplevel [1ms]
2025-12-17 16:59:36.798 [info] fatal: not a git repository (or any parent up to mount point /)
Stopping at filesystem boundary (GIT_DISCOVERY_ACROSS_FILESYSTEM not set).
2025-12-17 16:59:36.798 [info] > git rev-parse --show-toplevel [1ms]
2025-12-17 16:59:36.798 [info] fatal: not a git repository (or any parent up to mount point /)
Stopping at filesystem boundary (GIT_DISCOVERY_ACROSS_FILESYSTEM not set).
2025-12-17 16:59:36.798 [info] > git rev-parse --show-toplevel [2ms]
2025-12-17 16:59:36.798 [info] fatal: not a git repository (or any parent up to mount point /)
Stopping at filesystem boundary (GIT_DISCOVERY_ACROSS_FILESYSTEM not set).
2025-12-17 16:59:36.798 [info] > git rev-parse --show-toplevel [1ms]
2025-12-17 16:59:36.798 [info] fatal: not a git repository (or any parent up to mount point /)
Stopping at filesystem boundary (GIT_DISCOVERY_ACROSS_FILESYSTEM not set).
2025-12-17 16:59:36.798 [info] > git rev-parse --show-toplevel [1ms]
2025-12-17 16:59:36.798 [info] fatal: not a git repository (or any parent up to mount point /)
Stopping at filesystem boundary (GIT_DISCOVERY_ACROSS_FILESYSTEM not set).
2025-12-17 16:59:36.798 [info] > git rev-parse --show-toplevel [1ms]
2025-12-17 16:59:36.798 [info] fatal: not a git repository (or any parent up to mount point /)
Stopping at filesystem boundary (GIT_DISCOVERY_ACROSS_FILESYSTEM not set).
2025-12-17 16:59:36.798 [info] > git rev-parse --show-toplevel [1ms]
2025-12-17 16:59:36.798 [info] fatal: not a git repository (or any parent up to mount point /)
Stopping at filesystem boundary (GIT_DISCOVERY_ACROSS_FILESYSTEM not set).
2025-12-17 16:59:36.798 [info] > git rev-parse --show-toplevel [2ms]
2025-12-17 16:59:36.798 [info] fatal: not a git repository (or any parent up to mount point /)
Stopping at filesystem boundary (GIT_DISCOVERY_ACROSS_FILESYSTEM not set).
2025-12-17 16:59:36.798 [info] > git rev-parse --show-toplevel [1ms]
2025-12-17 16:59:36.798 [info] fatal: not a git repository (or any parent up to mount point /)
Stopping at filesystem boundary (GIT_DISCOVERY_ACROSS_FILESYSTEM not set).
2025-12-17 16:59:36.798 [info] > git rev-parse --show-toplevel [1ms]
2025-12-17 16:59:36.798 [info] fatal: not a git repository (or any parent up to mount point /)
Stopping at filesystem boundary (GIT_DISCOVERY_ACROSS_FILESYSTEM not set).
2025-12-17 16:59:36.798 [info] > git rev-parse --show-toplevel [7ms]
2025-12-17 16:59:36.798 [info] fatal: not a git repository (or any parent up to mount point /)
Stopping at filesystem boundary (GIT_DISCOVERY_ACROSS_FILESYSTEM not set).
2025-12-17 16:59:36.807 [info] > git rev-parse --show-toplevel [5ms]
2025-12-17 16:59:36.807 [info] fatal: not a git repository (or any parent up to mount point /)
Stopping at filesystem boundary (GIT_DISCOVERY_ACROSS_FILESYSTEM not set).
2025-12-17 16:59:36.813 [info] > git rev-parse --show-toplevel [1ms]
2025-12-17 16:59:36.813 [info] fatal: not a git repository (or any parent up to mount point /)
Stopping at filesystem boundary (GIT_DISCOVERY_ACROSS_FILESYSTEM not set).
2025-12-17 16:59:36.819 [info] > git rev-parse --show-toplevel [1ms]
2025-12-17 16:59:36.819 [info] fatal: not a git repository (or any parent up to mount point /)
Stopping at filesystem boundary (GIT_DISCOVERY_ACROSS_FILESYSTEM not set).
2025-12-17 16:59:36.826 [info] > git rev-parse --show-toplevel [0ms]
2025-12-17 16:59:36.826 [info] fatal: not a git repository (or any parent up to mount point /)
Stopping at filesystem boundary (GIT_DISCOVERY_ACROSS_FILESYSTEM not set).
2025-12-17 16:59:36.831 [info] > git rev-parse --show-toplevel [1ms]
2025-12-17 16:59:36.831 [info] fatal: not a git repository (or any parent up to mount point /)
Stopping at filesystem boundary (GIT_DISCOVERY_ACROSS_FILESYSTEM not set).
2025-12-17 16:59:36.836 [info] > git rev-parse --show-toplevel [1ms]
2025-12-17 16:59:36.836 [info] fatal: not a git repository (or any parent up to mount point /)
Stopping at filesystem boundary (GIT_DISCOVERY_ACROSS_FILESYSTEM not set).
2025-12-17 16:59:36.842 [info] > git rev-parse --show-toplevel [1ms]
2025-12-17 16:59:36.842 [info] fatal: not a git repository (or any parent up to mount point /)
Stopping at filesystem boundary (GIT_DISCOVERY_ACROSS_FILESYSTEM not set).
2025-12-17 16:59:36.849 [info] > git rev-parse --show-toplevel [1ms]
2025-12-17 16:59:36.849 [info] fatal: not a git repository (or any parent up to mount point /)
Stopping at filesystem boundary (GIT_DISCOVERY_ACROSS_FILESYSTEM not set).
2025-12-17 16:59:36.855 [info] > git rev-parse --show-toplevel [1ms]
2025-12-17 16:59:36.855 [info] fatal: not a git repository (or any parent up to mount point /)
Stopping at filesystem boundary (GIT_DISCOVERY_ACROSS_FILESYSTEM not set).
2025-12-17 16:59:36.855 [info] [Model][doInitialScan] Initial repository scan completed - repositories (0), closed repositories (0), parent repositories (0), unsafe repositories (0)
2025-12-17 16:59:42.563 [info] > git rev-parse --show-toplevel [3ms]
2025-12-17 16:59:42.563 [info] fatal: not a git repository (or any parent up to mount point /)
Stopping at filesystem boundary (GIT_DISCOVERY_ACROSS_FILESYSTEM not set).
2025-12-17 16:59:42.798 [info] > git rev-parse --show-toplevel [2ms]
2025-12-17 16:59:42.798 [info] fatal: not a git repository (or any parent up to mount point /)
Stopping at filesystem boundary (GIT_DISCOVERY_ACROSS_FILESYSTEM not set).
2025-12-17 16:59:43.206 [info] > git rev-parse --show-toplevel [2ms]
2025-12-17 16:59:43.206 [info] fatal: not a git repository (or any parent up to mount point /)
Stopping at filesystem boundary (GIT_DISCOVERY_ACROSS_FILESYSTEM not set).
2025-12-17 16:59:43.399 [info] > git rev-parse --show-toplevel [2ms]
2025-12-17 16:59:43.399 [info] fatal: not a git repository (or any parent up to mount point /)
Stopping at filesystem boundary (GIT_DISCOVERY_ACROSS_FILESYSTEM not set).
2025-12-17 16:59:47.430 [info] > git rev-parse --show-toplevel [2ms]
2025-12-17 16:59:47.430 [info] fatal: not a git repository (or any parent up to mount point /)
Stopping at filesystem boundary (GIT_DISCOVERY_ACROSS_FILESYSTEM not set).
2025-12-17 16:59:53.992 [info] > git rev-parse --show-toplevel [3ms]
2025-12-17 16:59:53.992 [info] fatal: not a git repository (or any parent up to mount point /)
Stopping at filesystem boundary (GIT_DISCOVERY_ACROSS_FILESYSTEM not set).
2025-12-17 17:00:04.706 [info] > git rev-parse --show-toplevel [2ms]
2025-12-17 17:00:04.706 [info] fatal: not a git repository (or any parent up to mount point /)
Stopping at filesystem boundary (GIT_DISCOVERY_ACROSS_FILESYSTEM not set).
2025-12-17 17:00:34.921 [info] > git rev-parse --show-toplevel [3ms]
2025-12-17 17:00:34.921 [info] fatal: not a git repository (or any parent up to mount point /)
Stopping at filesystem boundary (GIT_DISCOVERY_ACROSS_FILESYSTEM not set).
2025-12-17 17:00:37.937 [info] > git rev-parse --show-toplevel [3ms]
2025-12-17 17:00:37.937 [info] fatal: not a git repository (or any parent up to mount point /)
Stopping at filesystem boundary (GIT_DISCOVERY_ACROSS_FILESYSTEM not set).
2025-12-17 17:01:09.222 [info] > git rev-parse --show-toplevel [3ms]
2025-12-17 17:01:09.222 [info] fatal: not a git repository (or any parent up to mount point /)
Stopping at filesystem boundary (GIT_DISCOVERY_ACROSS_FILESYSTEM not set).
